Log file open, 12/03/21 00:36:29
LogWindows: Failed to load 'aqProf.dll' (GetLastError=126)
LogWindows: File 'aqProf.dll' does not exist
LogWindows: Failed to load 'VtuneApi.dll' (GetLastError=126)
LogWindows: File 'VtuneApi.dll' does not exist
LogWindows: Failed to load 'VtuneApi32e.dll' (GetLastError=126)
LogWindows: File 'VtuneApi32e.dll' does not exist
LogConsoleResponse: Display: Failed to find resolution value strings in scalability ini. Falling back to default.
LogConsoleResponse: Display: Failed to find resolution value strings in scalability ini. Falling back to default.
LogInit: Display: Running engine for game: FinalProject
LogPlatformFile: Not using cached read wrapper
LogTaskGraph: Started task graph with 5 named threads and 35 total threads with 3 sets of task threads.
LogStats: Stats thread started at 0.198652
LogICUInternationalization: ICU TimeZone Detection - Raw Offset: -6:00, Platform Override: ''
LogInit: Display: Loading text-based GConfig....
LogPluginManager: Mounting plugin MeshPainting
LogPluginManager: Mounting plugin XGEController
LogPluginManager: Mounting plugin Paper2D
LogPluginManager: Mounting plugin LiveLink
LogPluginManager: Mounting plugin AISupport
LogPluginManager: Mounting plugin EnvironmentQueryEditor
LogPluginManager: Mounting plugin LightPropagationVolume
LogPluginManager: Mounting plugin CameraShakePreviewer
LogPluginManager: Mounting plugin DatasmithContent
LogPluginManager: Mounting plugin GameplayCameras
LogPluginManager: Mounting plugin AnimationSharing
LogPluginManager: Mounting plugin VariantManagerContent
LogPluginManager: Mounting plugin CLionSourceCodeAccess
LogPluginManager: Mounting plugin CodeLiteSourceCodeAccess
LogPluginManager: Mounting plugin KDevelopSourceCodeAccess
LogPluginManager: Mounting plugin NullSourceCodeAccess
LogPluginManager: Mounting plugin PixWinPlugin
LogPluginManager: Mounting plugin GitSourceControl
LogPluginManager: Mounting plugin PerforceSourceControl
LogPluginManager: Mounting plugin PluginUtils
LogPluginManager: Mounting plugin PlasticSourceControl
LogPluginManager: Mounting plugin PropertyAccessNode
LogPluginManager: Mounting plugin RiderSourceCodeAccess
LogPluginManager: Mounting plugin SubversionSourceControl
LogPluginManager: Mounting plugin TextureFormatOodle
LogPluginManager: Mounting plugin AssetManagerEditor
LogPluginManager: Mounting plugin VisualStudioCodeSourceCodeAccess
LogPluginManager: Mounting plugin UObjectPlugin
LogPluginManager: Mounting plugin CurveEditorTools
LogPluginManager: Mounting plugin CryptoKeys
LogPluginManager: Mounting plugin FacialAnimation
LogPluginManager: Mounting plugin DataValidation
LogPluginManager: Mounting plugin GameplayTagsEditor
LogPluginManager: Mounting plugin GeometryMode
LogPluginManager: Mounting plugin VisualStudioSourceCodeAccess
LogPluginManager: Mounting plugin MacGraphicsSwitching
LogPluginManager: Mounting plugin MaterialAnalyzer
LogPluginManager: Mounting plugin XCodeSourceCodeAccess
LogPluginManager: Mounting plugin Niagara
LogPluginManager: Mounting plugin MobileLauncherProfileWizard
LogPluginManager: Mounting plugin SpeedTreeImporter
LogPluginManager: Mounting plugin AlembicImporter
LogPluginManager: Mounting plugin LuminPlatformFeatures
LogPluginManager: Mounting plugin AutomationUtils
LogPluginManager: Mounting plugin BackChannel
LogPluginManager: Mounting plugin AndroidMedia
LogPluginManager: Mounting plugin PluginBrowser
LogPluginManager: Mounting plugin ChaosCloth
LogPluginManager: Mounting plugin ChaosClothEditor
LogPluginManager: Mounting plugin ChaosEditor
LogPluginManager: Mounting plugin AvfMedia
LogPluginManager: Mounting plugin ChaosNiagara
LogPluginManager: Mounting plugin ChaosSolverPlugin
LogPluginManager: Mounting plugin CharacterAI
LogPluginManager: Mounting plugin GeometryCache
LogPluginManager: Mounting plugin ImgMedia
LogPluginManager: Mounting plugin GeometryCollectionPlugin
LogPluginManager: Mounting plugin MediaCompositing
LogPluginManager: Mounting plugin MediaPlayerEditor
LogPluginManager: Mounting plugin WebMMedia
LogPluginManager: Mounting plugin WmfMedia
LogPluginManager: Mounting plugin OnlineSubsystem
LogPluginManager: Mounting plugin OnlineSubsystemNull
LogPluginManager: Mounting plugin OnlineSubsystemUtils
LogPluginManager: Mounting plugin UdpMessaging
LogPluginManager: Mounting plugin MagicLeap
LogPluginManager: Mounting plugin TcpMessaging
LogPluginManager: Mounting plugin MagicLeapLightEstimation
LogPluginManager: Mounting plugin MagicLeapMedia
LogPluginManager: Mounting plugin MagicLeapPassableWorld
LogPluginManager: Mounting plugin MLSDK
LogPluginManager: Mounting plugin GeometryProcessing
LogPluginManager: Mounting plugin OpenImageDenoise
LogPluginManager: Mounting plugin MotoSynth
LogPluginManager: Mounting plugin PlanarCut
LogPluginManager: Mounting plugin ProxyLODPlugin
LogPluginManager: Mounting plugin PlatformCrypto
LogPluginManager: Mounting plugin PythonScriptPlugin
LogPluginManager: Mounting plugin SkeletalReduction
LogPluginManager: Mounting plugin ActorSequence
LogPluginManager: Mounting plugin LauncherChunkInstaller
LogPluginManager: Mounting plugin ActorLayerUtilities
LogPluginManager: Mounting plugin AndroidDeviceProfileSelector
LogPluginManager: Mounting plugin AndroidMoviePlayer
LogPluginManager: Mounting plugin AndroidPermission
LogPluginManager: Mounting plugin AppleMoviePlayer
LogPluginManager: Mounting plugin AppleImageUtils
LogPluginManager: Mounting plugin ArchVisCharacter
LogPluginManager: Mounting plugin AssetTags
LogPluginManager: Mounting plugin AudioCapture
LogPluginManager: Mounting plugin AudioSynesthesia
LogPluginManager: Mounting plugin CableComponent
LogPluginManager: Mounting plugin CustomMeshComponent
LogPluginManager: Mounting plugin EditableMesh
LogPluginManager: Mounting plugin ExampleDeviceProfileSelector
LogPluginManager: Mounting plugin ChunkDownloader
LogPluginManager: Mounting plugin GoogleCloudMessaging
LogPluginManager: Mounting plugin GooglePAD
LogPluginManager: Mounting plugin IOSDeviceProfileSelector
LogPluginManager: Mounting plugin LinuxDeviceProfileSelector
LogPluginManager: Mounting plugin LocationServicesBPLibrary
LogPluginManager: Mounting plugin MobilePatchingUtils
LogPluginManager: Mounting plugin OpenXR
LogPluginManager: Mounting plugin OpenXREyeTracker
LogPluginManager: Mounting plugin OpenXRHandTracking
LogPluginManager: Mounting plugin PhysXVehicles
LogPluginManager: Mounting plugin PostSplashScreen
LogPluginManager: Mounting plugin ProceduralMeshComponent
LogPluginManager: Mounting plugin PropertyAccessEditor
LogPluginManager: Mounting plugin RuntimePhysXCooking
LogPluginManager: Mounting plugin SignificanceManager
LogPluginManager: Mounting plugin LevelSequenceEditor
LogPluginManager: Mounting plugin SoundFields
LogPluginManager: Mounting plugin MatineeToLevelSequence
LogPluginManager: Mounting plugin Synthesis
LogPluginManager: Mounting plugin WebMMoviePlayer
LogPluginManager: Mounting plugin WindowsMoviePlayer
LogPluginManager: Mounting plugin TemplateSequence
LogPluginManager: Mounting plugin ScreenshotTools
LogPluginManager: Mounting plugin OodleData
LogPluginManager: Mounting plugin OodleNetwork
LogPluginManager: Mounting plugin Takes
LogPluginManager: Mounting plugin ContentBrowserAssetDataSource
LogPluginManager: Mounting plugin ContentBrowserFileDataSource
LogPluginManager: Mounting plugin ContentBrowserClassDataSource
LogPluginManager: Mounting plugin OnlineSubsystemGooglePlay
LogPluginManager: Mounting plugin OnlineSubsystemIOS
LogPluginManager: Mounting plugin OculusVR
LogPluginManager: Mounting plugin SteamVR
PixWinPlugin: PIX capture plugin failed to initialize! Check that the process is launched from PIX.
LogInit: Using libcurl 7.55.1-DEV
LogInit:  - built for x86_64-pc-win32
LogInit:  - supports SSL with OpenSSL/1.1.1
LogInit:  - supports HTTP deflate (compression) using libz 1.2.8
LogInit:  - other features:
LogInit:      CURL_VERSION_SSL
LogInit:      CURL_VERSION_LIBZ
LogInit:      CURL_VERSION_IPV6
LogInit:      CURL_VERSION_ASYNCHDNS
LogInit:      CURL_VERSION_LARGEFILE
LogInit:      CURL_VERSION_IDN
LogInit:  CurlRequestOptions (configurable via config and command line):
LogInit:  - bVerifyPeer = true  - Libcurl will verify peer certificate
LogInit:  - bUseHttpProxy = false  - Libcurl will NOT use HTTP proxy
LogInit:  - bDontReuseConnections = false  - Libcurl will reuse connections
LogInit:  - MaxHostConnections = 16  - Libcurl will limit the number of connections to a host
LogInit:  - LocalHostAddr = Default
LogInit:  - BufferSize = 65536
LogOnline: OSS: Creating online subsystem instance for: NULL
LogInit: WinSock: version 1.1 (2.2), MaxSocks=32767, MaxUdp=65467
LogOnline: OSS: TryLoadSubsystemAndSetDefault: Loaded subsystem for module [NULL]
LogOculusPluginWrapper: OculusPlugin initialized successfully
LogHMD: Failed initializing OVRPlugin 1.59.0
LogInit: Build: ++UE4+Release-4.27-CL-17735300
LogInit: Engine Version: 4.27.1-17735300+++UE4+Release-4.27
LogInit: Compatible Engine Version: 4.27.0-17155196+++UE4+Release-4.27
LogInit: Net CL: 17155196
LogInit: OS: Windows 10 (Release 2009) (), CPU: AMD Ryzen 5 5600X 6-Core Processor             , GPU: NVIDIA GeForce RTX 3060 Ti
LogInit: Compiled (64-bit): Oct  6 2021 14:42:51
LogInit: Compiled with Visual C++: 19.24.28315.00
LogInit: Build Configuration: Development
LogInit: Branch Name: ++UE4+Release-4.27
LogInit: Command Line: 
LogInit: Base Directory: D:/UE_4.27/Engine/Binaries/Win64/
LogInit: Allocator: TBB
LogInit: Installed Engine Build: 1
LogDevObjectVersion: Number of dev versions registered: 29
LogDevObjectVersion:   Dev-Blueprints (B0D832E4-1F89-4F0D-ACCF-7EB736FD4AA2): 10
LogDevObjectVersion:   Dev-Build (E1C64328-A22C-4D53-A36C-8E866417BD8C): 0
LogDevObjectVersion:   Dev-Core (375EC13C-06E4-48FB-B500-84F0262A717E): 4
LogDevObjectVersion:   Dev-Editor (E4B068ED-F494-42E9-A231-DA0B2E46BB41): 40
LogDevObjectVersion:   Dev-Framework (CFFC743F-43B0-4480-9391-14DF171D2073): 37
LogDevObjectVersion:   Dev-Mobile (B02B49B5-BB20-44E9-A304-32B752E40360): 3
LogDevObjectVersion:   Dev-Networking (A4E4105C-59A1-49B5-A7C5-40C4547EDFEE): 0
LogDevObjectVersion:   Dev-Online (39C831C9-5AE6-47DC-9A44-9C173E1C8E7C): 0
LogDevObjectVersion:   Dev-Physics (78F01B33-EBEA-4F98-B9B4-84EACCB95AA2): 14
LogDevObjectVersion:   Dev-Platform (6631380F-2D4D-43E0-8009-CF276956A95A): 0
LogDevObjectVersion:   Dev-Rendering (12F88B9F-8875-4AFC-A67C-D90C383ABD29): 45
LogDevObjectVersion:   Dev-Sequencer (7B5AE74C-D270-4C10-A958-57980B212A5A): 13
LogDevObjectVersion:   Dev-VR (D7296918-1DD6-4BDD-9DE2-64A83CC13884): 3
LogDevObjectVersion:   Dev-LoadTimes (C2A15278-BFE7-4AFE-6C17-90FF531DF755): 1
LogDevObjectVersion:   Private-Geometry (6EACA3D4-40EC-4CC1-B786-8BED09428FC5): 3
LogDevObjectVersion:   Dev-AnimPhys (29E575DD-E0A3-4627-9D10-D276232CDCEA): 17
LogDevObjectVersion:   Dev-Anim (AF43A65D-7FD3-4947-9873-3E8ED9C1BB05): 15
LogDevObjectVersion:   Dev-ReflectionCapture (6B266CEC-1EC7-4B8F-A30B-E4D90942FC07): 1
LogDevObjectVersion:   Dev-Automation (0DF73D61-A23F-47EA-B727-89E90C41499A): 1
LogDevObjectVersion:   FortniteMain (601D1886-AC64-4F84-AA16-D3DE0DEAC7D6): 47
LogDevObjectVersion:   FortniteRelease (E7086368-6B23-4C58-8439-1B7016265E91): 1
LogDevObjectVersion:   Dev-Enterprise (9DFFBCD6-494F-0158-E221-12823C92A888): 10
LogDevObjectVersion:   Dev-Niagara (F2AED0AC-9AFE-416F-8664-AA7FFA26D6FC): 1
LogDevObjectVersion:   Dev-Destruction (174F1F0B-B4C6-45A5-B13F-2EE8D0FB917D): 10
LogDevObjectVersion:   Dev-Physics-Ext (35F94A83-E258-406C-A318-09F59610247C): 41
LogDevObjectVersion:   Dev-PhysicsMaterial-Chaos (B68FC16E-8B1B-42E2-B453-215C058844FE): 1
LogDevObjectVersion:   Dev-CineCamera (B2E18506-4273-CFC2-A54E-F4BB758BBA07): 1
LogDevObjectVersion:   Dev-VirtualProduction (64F58936-FD1B-42BA-BA96-7289D5D0FA4E): 1
LogDevObjectVersion:   Dev-MediaFramework (6F0ED827-A609-4895-9C91-998D90180EA4): 2
LogInit: Presizing for max 25165824 objects, including 0 objects not considered by GC, pre-allocating 0 bytes for permanent pool.
LogConfig: Applying CVar settings from Section [/Script/Engine.StreamingSettings] File [C:/Users/lin/OneDrive - University of Illinois - Urbana/桌面/CS498GDFInalProject/FinalProject/Saved/Config/Windows/Engine.ini]
LogConfig: Setting CVar [[s.MinBulkDataSizeForAsyncLoading:131072]]
LogConfig: Setting CVar [[s.AsyncLoadingThreadEnabled:0]]
LogConfig: Setting CVar [[s.EventDrivenLoaderEnabled:1]]
LogConfig: Setting CVar [[s.WarnIfTimeLimitExceeded:0]]
LogConfig: Setting CVar [[s.TimeLimitExceededMultiplier:1.5]]
LogConfig: Setting CVar [[s.TimeLimitExceededMinTime:0.005]]
LogConfig: Setting CVar [[s.UseBackgroundLevelStreaming:1]]
LogConfig: Setting CVar [[s.PriorityAsyncLoadingExtraTime:15.0]]
LogConfig: Setting CVar [[s.LevelStreamingActorsUpdateTimeLimit:5.0]]
LogConfig: Setting CVar [[s.PriorityLevelStreamingActorsUpdateExtraTime:5.0]]
LogConfig: Setting CVar [[s.LevelStreamingComponentsRegistrationGranularity:10]]
LogConfig: Setting CVar [[s.UnregisterComponentsTimeLimit:1.0]]
LogConfig: Setting CVar [[s.LevelStreamingComponentsUnregistrationGranularity:5]]
LogConfig: Setting CVar [[s.FlushStreamingOnExit:1]]
LogInit: Object subsystem initialized
LogConfig: Setting CVar [[con.DebugEarlyDefault:1]]
LogConfig: Setting CVar [[r.setres:1280x720]]
[2021.12.03-06.36.30:303][  0]LogConfig: Setting CVar [[r.VSync:0]]
[2021.12.03-06.36.30:303][  0]LogConfig: Setting CVar [[r.RHICmdBypass:0]]
[2021.12.03-06.36.30:303][  0]LogConfig: Applying CVar settings from Section [/Script/Engine.RendererSettings] File [C:/Users/lin/OneDrive - University of Illinois - Urbana/桌面/CS498GDFInalProject/FinalProject/Saved/Config/Windows/Engine.ini]
[2021.12.03-06.36.30:303][  0]LogConfig: Setting CVar [[r.GPUCrashDebugging:0]]
[2021.12.03-06.36.30:303][  0]LogConfig: Applying CVar settings from Section [/Script/Engine.RendererOverrideSettings] File [C:/Users/lin/OneDrive - University of Illinois - Urbana/桌面/CS498GDFInalProject/FinalProject/Saved/Config/Windows/Engine.ini]
[2021.12.03-06.36.30:303][  0]LogConfig: Applying CVar settings from Section [/Script/Engine.StreamingSettings] File [C:/Users/lin/OneDrive - University of Illinois - Urbana/桌面/CS498GDFInalProject/FinalProject/Saved/Config/Windows/Engine.ini]
[2021.12.03-06.36.30:303][  0]LogConfig: Setting CVar [[s.MinBulkDataSizeForAsyncLoading:131072]]
[2021.12.03-06.36.30:303][  0]LogConfig: Setting CVar [[s.AsyncLoadingThreadEnabled:0]]
[2021.12.03-06.36.30:303][  0]LogConfig: Setting CVar [[s.EventDrivenLoaderEnabled:1]]
[2021.12.03-06.36.30:303][  0]LogConfig: Setting CVar [[s.WarnIfTimeLimitExceeded:0]]
[2021.12.03-06.36.30:303][  0]LogConfig: Setting CVar [[s.TimeLimitExceededMultiplier:1.5]]
[2021.12.03-06.36.30:303][  0]LogConfig: Setting CVar [[s.TimeLimitExceededMinTime:0.005]]
[2021.12.03-06.36.30:303][  0]LogConfig: Setting CVar [[s.UseBackgroundLevelStreaming:1]]
[2021.12.03-06.36.30:303][  0]LogConfig: Setting CVar [[s.PriorityAsyncLoadingExtraTime:15.0]]
[2021.12.03-06.36.30:303][  0]LogConfig: Setting CVar [[s.LevelStreamingActorsUpdateTimeLimit:5.0]]
[2021.12.03-06.36.30:303][  0]LogConfig: Setting CVar [[s.PriorityLevelStreamingActorsUpdateExtraTime:5.0]]
[2021.12.03-06.36.30:303][  0]LogConfig: Setting CVar [[s.LevelStreamingComponentsRegistrationGranularity:10]]
[2021.12.03-06.36.30:303][  0]LogConfig: Setting CVar [[s.UnregisterComponentsTimeLimit:1.0]]
[2021.12.03-06.36.30:303][  0]LogConfig: Setting CVar [[s.LevelStreamingComponentsUnregistrationGranularity:5]]
[2021.12.03-06.36.30:303][  0]LogConfig: Setting CVar [[s.FlushStreamingOnExit:1]]
[2021.12.03-06.36.30:303][  0]LogConfig: Applying CVar settings from Section [/Script/Engine.GarbageCollectionSettings] File [C:/Users/lin/OneDrive - University of Illinois - Urbana/桌面/CS498GDFInalProject/FinalProject/Saved/Config/Windows/Engine.ini]
[2021.12.03-06.36.30:303][  0]LogConfig: Setting CVar [[gc.MaxObjectsNotConsideredByGC:1]]
[2021.12.03-06.36.30:303][  0]LogConfig: Setting CVar [[gc.SizeOfPermanentObjectPool:0]]
[2021.12.03-06.36.30:303][  0]LogConfig: Setting CVar [[gc.FlushStreamingOnGC:0]]
[2021.12.03-06.36.30:303][  0]LogConfig: Setting CVar [[gc.NumRetriesBeforeForcingGC:10]]
[2021.12.03-06.36.30:303][  0]LogConfig: Setting CVar [[gc.AllowParallelGC:1]]
[2021.12.03-06.36.30:303][  0]LogConfig: Setting CVar [[gc.TimeBetweenPurgingPendingKillObjects:61.1]]
[2021.12.03-06.36.30:303][  0]LogConfig: Setting CVar [[gc.MaxObjectsInEditor:25165824]]
[2021.12.03-06.36.30:303][  0]LogConfig: Setting CVar [[gc.IncrementalBeginDestroyEnabled:1]]
[2021.12.03-06.36.30:303][  0]LogConfig: Setting CVar [[gc.CreateGCClusters:1]]
[2021.12.03-06.36.30:303][  0]LogConfig: Setting CVar [[gc.MinGCClusterSize:5]]
[2021.12.03-06.36.30:303][  0]LogConfig: Setting CVar [[gc.ActorClusteringEnabled:0]]
[2021.12.03-06.36.30:303][  0]LogConfig: Setting CVar [[gc.BlueprintClusteringEnabled:0]]
[2021.12.03-06.36.30:303][  0]LogConfig: Setting CVar [[gc.UseDisregardForGCOnDedicatedServers:0]]
[2021.12.03-06.36.30:303][  0]LogConfig: Setting CVar [[gc.MultithreadedDestructionEnabled:1]]
[2021.12.03-06.36.30:303][  0]LogConfig: Applying CVar settings from Section [/Script/Engine.NetworkSettings] File [C:/Users/lin/OneDrive - University of Illinois - Urbana/桌面/CS498GDFInalProject/FinalProject/Saved/Config/Windows/Engine.ini]
[2021.12.03-06.36.30:303][  0]LogConfig: Applying CVar settings from Section [/Script/UnrealEd.CookerSettings] File [C:/Users/lin/OneDrive - University of Illinois - Urbana/桌面/CS498GDFInalProject/FinalProject/Saved/Config/Windows/Engine.ini]
[2021.12.03-06.36.30:313][  0]LogConfig: Applying CVar settings from Section [ViewDistanceQuality@3] File [C:/Users/lin/OneDrive - University of Illinois - Urbana/桌面/CS498GDFInalProject/FinalProject/Saved/Config/Windows/Scalability.ini]
[2021.12.03-06.36.30:313][  0]LogConfig: Setting CVar [[r.SkeletalMeshLODBias:0]]
[2021.12.03-06.36.30:313][  0]LogConfig: Setting CVar [[r.ViewDistanceScale:1.0]]
[2021.12.03-06.36.30:313][  0]LogConfig: Applying CVar settings from Section [AntiAliasingQuality@3] File [C:/Users/lin/OneDrive - University of Illinois - Urbana/桌面/CS498GDFInalProject/FinalProject/Saved/Config/Windows/Scalability.ini]
[2021.12.03-06.36.30:313][  0]LogConfig: Setting CVar [[r.PostProcessAAQuality:4]]
[2021.12.03-06.36.30:313][  0]LogConfig: Applying CVar settings from Section [ShadowQuality@3] File [C:/Users/lin/OneDrive - University of Illinois - Urbana/桌面/CS498GDFInalProject/FinalProject/Saved/Config/Windows/Scalability.ini]
[2021.12.03-06.36.30:313][  0]LogConfig: Setting CVar [[r.LightFunctionQuality:1]]
[2021.12.03-06.36.30:313][  0]LogConfig: Setting CVar [[r.ShadowQuality:5]]
[2021.12.03-06.36.30:313][  0]LogConfig: Setting CVar [[r.Shadow.CSM.MaxCascades:10]]
[2021.12.03-06.36.30:314][  0]LogConfig: Setting CVar [[r.Shadow.MaxResolution:2048]]
[2021.12.03-06.36.30:314][  0]LogConfig: Setting CVar [[r.Shadow.MaxCSMResolution:2048]]
[2021.12.03-06.36.30:314][  0]LogConfig: Setting CVar [[r.Shadow.RadiusThreshold:0.01]]
[2021.12.03-06.36.30:314][  0]LogConfig: Setting CVar [[r.Shadow.DistanceScale:1.0]]
[2021.12.03-06.36.30:314][  0]LogConfig: Setting CVar [[r.Shadow.CSM.TransitionScale:1.0]]
[2021.12.03-06.36.30:314][  0]LogConfig: Setting CVar [[r.Shadow.PreShadowResolutionFactor:1.0]]
[2021.12.03-06.36.30:314][  0]LogConfig: Setting CVar [[r.DistanceFieldShadowing:1]]
[2021.12.03-06.36.30:314][  0]LogConfig: Setting CVar [[r.DistanceFieldAO:1]]
[2021.12.03-06.36.30:314][  0]LogConfig: Setting CVar [[r.AOQuality:2]]
[2021.12.03-06.36.30:314][  0]LogConfig: Setting CVar [[r.VolumetricFog:1]]
[2021.12.03-06.36.30:314][  0]LogConfig: Setting CVar [[r.VolumetricFog.GridPixelSize:8]]
[2021.12.03-06.36.30:314][  0]LogConfig: Setting CVar [[r.VolumetricFog.GridSizeZ:128]]
[2021.12.03-06.36.30:314][  0]LogConfig: Setting CVar [[r.VolumetricFog.HistoryMissSupersampleCount:4]]
[2021.12.03-06.36.30:314][  0]LogConfig: Setting CVar [[r.LightMaxDrawDistanceScale:1]]
[2021.12.03-06.36.30:314][  0]LogConfig: Setting CVar [[r.CapsuleShadows:1]]
[2021.12.03-06.36.30:314][  0]LogConfig: Applying CVar settings from Section [PostProcessQuality@3] File [C:/Users/lin/OneDrive - University of Illinois - Urbana/桌面/CS498GDFInalProject/FinalProject/Saved/Config/Windows/Scalability.ini]
[2021.12.03-06.36.30:314][  0]LogConfig: Setting CVar [[r.MotionBlurQuality:4]]
[2021.12.03-06.36.30:314][  0]LogConfig: Setting CVar [[r.AmbientOcclusionMipLevelFactor:0.4]]
[2021.12.03-06.36.30:314][  0]LogConfig: Setting CVar [[r.AmbientOcclusionMaxQuality:100]]
[2021.12.03-06.36.30:314][  0]LogConfig: Setting CVar [[r.AmbientOcclusionLevels:-1]]
[2021.12.03-06.36.30:314][  0]LogConfig: Setting CVar [[r.AmbientOcclusionRadiusScale:1.0]]
[2021.12.03-06.36.30:314][  0]LogConfig: Setting CVar [[r.DepthOfFieldQuality:2]]
[2021.12.03-06.36.30:314][  0]LogConfig: Setting CVar [[r.RenderTargetPoolMin:400]]
[2021.12.03-06.36.30:314][  0]LogConfig: Setting CVar [[r.LensFlareQuality:2]]
[2021.12.03-06.36.30:314][  0]LogConfig: Setting CVar [[r.SceneColorFringeQuality:1]]
[2021.12.03-06.36.30:314][  0]LogConfig: Setting CVar [[r.EyeAdaptationQuality:2]]
[2021.12.03-06.36.30:314][  0]LogConfig: Setting CVar [[r.BloomQuality:5]]
[2021.12.03-06.36.30:314][  0]LogConfig: Setting CVar [[r.FastBlurThreshold:100]]
[2021.12.03-06.36.30:314][  0]LogConfig: Setting CVar [[r.Upscale.Quality:3]]
[2021.12.03-06.36.30:314][  0]LogConfig: Setting CVar [[r.Tonemapper.GrainQuantization:1]]
[2021.12.03-06.36.30:314][  0]LogConfig: Setting CVar [[r.LightShaftQuality:1]]
[2021.12.03-06.36.30:314][  0]LogConfig: Setting CVar [[r.Filter.SizeScale:1]]
[2021.12.03-06.36.30:314][  0]LogConfig: Setting CVar [[r.Tonemapper.Quality:5]]
[2021.12.03-06.36.30:314][  0]LogConfig: Setting CVar [[r.DOF.Gather.AccumulatorQuality:1        ; higher gathering accumulator quality]]
[2021.12.03-06.36.30:314][  0]LogConfig: Setting CVar [[r.DOF.Gather.PostfilterMethod:1          ; Median3x3 postfilering method]]
[2021.12.03-06.36.30:314][  0]LogConfig: Setting CVar [[r.DOF.Gather.EnableBokehSettings:0       ; no bokeh simulation when gathering]]
[2021.12.03-06.36.30:314][  0]LogConfig: Setting CVar [[r.DOF.Gather.RingCount:4                 ; medium number of samples when gathering]]
[2021.12.03-06.36.30:314][  0]LogConfig: Setting CVar [[r.DOF.Scatter.ForegroundCompositing:1    ; additive foreground scattering]]
[2021.12.03-06.36.30:314][  0]LogConfig: Setting CVar [[r.DOF.Scatter.BackgroundCompositing:2    ; additive background scattering]]
[2021.12.03-06.36.30:314][  0]LogConfig: Setting CVar [[r.DOF.Scatter.EnableBokehSettings:1      ; bokeh simulation when scattering]]
[2021.12.03-06.36.30:314][  0]LogConfig: Setting CVar [[r.DOF.Scatter.MaxSpriteRatio:0.1         ; only a maximum of 10% of scattered bokeh]]
[2021.12.03-06.36.30:314][  0]LogConfig: Setting CVar [[r.DOF.Recombine.Quality:1                ; cheap slight out of focus]]
[2021.12.03-06.36.30:314][  0]LogConfig: Setting CVar [[r.DOF.Recombine.EnableBokehSettings:0    ; no bokeh simulation on slight out of focus]]
[2021.12.03-06.36.30:314][  0]LogConfig: Setting CVar [[r.DOF.TemporalAAQuality:1                ; more stable temporal accumulation]]
[2021.12.03-06.36.30:314][  0]LogConfig: Setting CVar [[r.DOF.Kernel.MaxForegroundRadius:0.025]]
[2021.12.03-06.36.30:314][  0]LogConfig: Setting CVar [[r.DOF.Kernel.MaxBackgroundRadius:0.025]]
[2021.12.03-06.36.30:314][  0]LogConfig: Applying CVar settings from Section [TextureQuality@3] File [C:/Users/lin/OneDrive - University of Illinois - Urbana/桌面/CS498GDFInalProject/FinalProject/Saved/Config/Windows/Scalability.ini]
[2021.12.03-06.36.30:314][  0]LogConfig: Setting CVar [[r.Streaming.MipBias:0]]
[2021.12.03-06.36.30:314][  0]LogConfig: Setting CVar [[r.Streaming.AmortizeCPUToGPUCopy:0]]
[2021.12.03-06.36.30:314][  0]LogConfig: Setting CVar [[r.Streaming.MaxNumTexturesToStreamPerFrame:0]]
[2021.12.03-06.36.30:314][  0]LogConfig: Setting CVar [[r.Streaming.Boost:1]]
[2021.12.03-06.36.30:314][  0]LogConfig: Setting CVar [[r.MaxAnisotropy:8]]
[2021.12.03-06.36.30:314][  0]LogConfig: Setting CVar [[r.VT.MaxAnisotropy:8]]
[2021.12.03-06.36.30:314][  0]LogConfig: Setting CVar [[r.Streaming.LimitPoolSizeToVRAM:0]]
[2021.12.03-06.36.30:314][  0]LogConfig: Setting CVar [[r.Streaming.PoolSize:1000]]
[2021.12.03-06.36.30:314][  0]LogConfig: Setting CVar [[r.Streaming.MaxEffectiveScreenSize:0]]
[2021.12.03-06.36.30:314][  0]LogConfig: Applying CVar settings from Section [EffectsQuality@3] File [C:/Users/lin/OneDrive - University of Illinois - Urbana/桌面/CS498GDFInalProject/FinalProject/Saved/Config/Windows/Scalability.ini]
[2021.12.03-06.36.30:314][  0]LogConfig: Setting CVar [[r.TranslucencyLightingVolumeDim:64]]
[2021.12.03-06.36.30:314][  0]LogConfig: Setting CVar [[r.RefractionQuality:2]]
[2021.12.03-06.36.30:314][  0]LogConfig: Setting CVar [[r.SSR.Quality:3]]
[2021.12.03-06.36.30:314][  0]LogConfig: Setting CVar [[r.SSR.HalfResSceneColor:0]]
[2021.12.03-06.36.30:314][  0]LogConfig: Setting CVar [[r.SceneColorFormat:4]]
[2021.12.03-06.36.30:314][  0]LogConfig: Setting CVar [[r.DetailMode:2]]
[2021.12.03-06.36.30:314][  0]LogConfig: Setting CVar [[r.TranslucencyVolumeBlur:1]]
[2021.12.03-06.36.30:314][  0]LogConfig: Setting CVar [[r.MaterialQualityLevel:1 ; High quality]]
[2021.12.03-06.36.30:314][  0]LogConfig: Setting CVar [[r.AnisotropicMaterials:1]]
[2021.12.03-06.36.30:314][  0]LogConfig: Setting CVar [[r.SSS.Scale:1]]
[2021.12.03-06.36.30:314][  0]LogConfig: Setting CVar [[r.SSS.SampleSet:2]]
[2021.12.03-06.36.30:314][  0]LogConfig: Setting CVar [[r.SSS.Quality:1]]
[2021.12.03-06.36.30:314][  0]LogConfig: Setting CVar [[r.SSS.HalfRes:0]]
[2021.12.03-06.36.30:314][  0]LogConfig: Setting CVar [[r.SSGI.Quality:3]]
[2021.12.03-06.36.30:314][  0]LogConfig: Setting CVar [[r.EmitterSpawnRateScale:1.0]]
[2021.12.03-06.36.30:314][  0]LogConfig: Setting CVar [[r.ParticleLightQuality:2]]
[2021.12.03-06.36.30:314][  0]LogConfig: Setting CVar [[r.SkyAtmosphere.AerialPerspectiveLUT.FastApplyOnOpaque:1 ; Always have FastSkyLUT 1 in this case to avoid wrong sky]]
[2021.12.03-06.36.30:314][  0]LogConfig: Setting CVar [[r.SkyAtmosphere.AerialPerspectiveLUT.SampleCountMaxPerSlice:4]]
[2021.12.03-06.36.30:314][  0]LogConfig: Setting CVar [[r.SkyAtmosphere.AerialPerspectiveLUT.DepthResolution:16.0]]
[2021.12.03-06.36.30:314][  0]LogConfig: Setting CVar [[r.SkyAtmosphere.FastSkyLUT:1]]
[2021.12.03-06.36.30:314][  0]LogConfig: Setting CVar [[r.SkyAtmosphere.FastSkyLUT.SampleCountMin:4.0]]
[2021.12.03-06.36.30:314][  0]LogConfig: Setting CVar [[r.SkyAtmosphere.FastSkyLUT.SampleCountMax:128.0]]
[2021.12.03-06.36.30:314][  0]LogConfig: Setting CVar [[r.SkyAtmosphere.SampleCountMin:4.0]]
[2021.12.03-06.36.30:314][  0]LogConfig: Setting CVar [[r.SkyAtmosphere.SampleCountMax:128.0]]
[2021.12.03-06.36.30:314][  0]LogConfig: Setting CVar [[r.SkyAtmosphere.TransmittanceLUT.UseSmallFormat:0]]
[2021.12.03-06.36.30:314][  0]LogConfig: Setting CVar [[r.SkyAtmosphere.TransmittanceLUT.SampleCount:10.0]]
[2021.12.03-06.36.30:314][  0]LogConfig: Setting CVar [[r.SkyAtmosphere.MultiScatteringLUT.SampleCount:15.0]]
[2021.12.03-06.36.30:314][  0]LogConfig: Setting CVar [[r.SkyLight.RealTimeReflectionCapture:1]]
[2021.12.03-06.36.30:314][  0]LogConfig: Applying CVar settings from Section [FoliageQuality@3] File [C:/Users/lin/OneDrive - University of Illinois - Urbana/桌面/CS498GDFInalProject/FinalProject/Saved/Config/Windows/Scalability.ini]
[2021.12.03-06.36.30:314][  0]LogConfig: Setting CVar [[foliage.DensityScale:1.0]]
[2021.12.03-06.36.30:314][  0]LogConfig: Setting CVar [[grass.DensityScale:1.0]]
[2021.12.03-06.36.30:314][  0]LogConfig: Applying CVar settings from Section [ShadingQuality@3] File [C:/Users/lin/OneDrive - University of Illinois - Urbana/桌面/CS498GDFInalProject/FinalProject/Saved/Config/Windows/Scalability.ini]
[2021.12.03-06.36.30:314][  0]LogConfig: Setting CVar [[r.HairStrands.SkyLighting.IntegrationType:2]]
[2021.12.03-06.36.30:314][  0]LogConfig: Setting CVar [[r.HairStrands.SkyAO.SampleCount:4]]
[2021.12.03-06.36.30:314][  0]LogConfig: Setting CVar [[r.HairStrands.Visibility.MSAA.SamplePerPixel:4]]
[2021.12.03-06.36.30:314][  0]LogInit: Selected Device Profile: [Windows]
[2021.12.03-06.36.30:314][  0]LogInit: Applying CVar settings loaded from the selected device profile: [Windows]
[2021.12.03-06.36.30:314][  0]LogHAL: Display: Platform has ~ 16 GB [17102516224 / 17179869184 / 16], which maps to Larger [LargestMinGB=32, LargerMinGB=12, DefaultMinGB=8, SmallerMinGB=6, SmallestMinGB=0)
[2021.12.03-06.36.30:314][  0]LogInit: Going up to parent DeviceProfile []
[2021.12.03-06.36.30:314][  0]LogConfig: Applying CVar settings from Section [ViewDistanceQuality@3] File [C:/Users/lin/OneDrive - University of Illinois - Urbana/桌面/CS498GDFInalProject/FinalProject/Saved/Config/Windows/Scalability.ini]
[2021.12.03-06.36.30:314][  0]LogConfig: Setting CVar [[r.SkeletalMeshLODBias:0]]
[2021.12.03-06.36.30:314][  0]LogConfig: Setting CVar [[r.ViewDistanceScale:1.0]]
[2021.12.03-06.36.30:314][  0]LogConfig: Applying CVar settings from Section [AntiAliasingQuality@3] File [C:/Users/lin/OneDrive - University of Illinois - Urbana/桌面/CS498GDFInalProject/FinalProject/Saved/Config/Windows/Scalability.ini]
[2021.12.03-06.36.30:314][  0]LogConfig: Setting CVar [[r.PostProcessAAQuality:4]]
[2021.12.03-06.36.30:314][  0]LogConfig: Applying CVar settings from Section [ShadowQuality@3] File [C:/Users/lin/OneDrive - University of Illinois - Urbana/桌面/CS498GDFInalProject/FinalProject/Saved/Config/Windows/Scalability.ini]
[2021.12.03-06.36.30:314][  0]LogConfig: Setting CVar [[r.LightFunctionQuality:1]]
[2021.12.03-06.36.30:314][  0]LogConfig: Setting CVar [[r.ShadowQuality:5]]
[2021.12.03-06.36.30:314][  0]LogConfig: Setting CVar [[r.Shadow.CSM.MaxCascades:10]]
[2021.12.03-06.36.30:314][  0]LogConfig: Setting CVar [[r.Shadow.MaxResolution:2048]]
[2021.12.03-06.36.30:314][  0]LogConfig: Setting CVar [[r.Shadow.MaxCSMResolution:2048]]
[2021.12.03-06.36.30:314][  0]LogConfig: Setting CVar [[r.Shadow.RadiusThreshold:0.01]]
[2021.12.03-06.36.30:314][  0]LogConfig: Setting CVar [[r.Shadow.DistanceScale:1.0]]
[2021.12.03-06.36.30:314][  0]LogConfig: Setting CVar [[r.Shadow.CSM.TransitionScale:1.0]]
[2021.12.03-06.36.30:314][  0]LogConfig: Setting CVar [[r.Shadow.PreShadowResolutionFactor:1.0]]
[2021.12.03-06.36.30:314][  0]LogConfig: Setting CVar [[r.DistanceFieldShadowing:1]]
[2021.12.03-06.36.30:314][  0]LogConfig: Setting CVar [[r.DistanceFieldAO:1]]
[2021.12.03-06.36.30:314][  0]LogConfig: Setting CVar [[r.AOQuality:2]]
[2021.12.03-06.36.30:314][  0]LogConfig: Setting CVar [[r.VolumetricFog:1]]
[2021.12.03-06.36.30:315][  0]LogConfig: Setting CVar [[r.VolumetricFog.GridPixelSize:8]]
[2021.12.03-06.36.30:315][  0]LogConfig: Setting CVar [[r.VolumetricFog.GridSizeZ:128]]
[2021.12.03-06.36.30:315][  0]LogConfig: Setting CVar [[r.VolumetricFog.HistoryMissSupersampleCount:4]]
[2021.12.03-06.36.30:315][  0]LogConfig: Setting CVar [[r.LightMaxDrawDistanceScale:1]]
[2021.12.03-06.36.30:315][  0]LogConfig: Setting CVar [[r.CapsuleShadows:1]]
[2021.12.03-06.36.30:315][  0]LogConfig: Applying CVar settings from Section [PostProcessQuality@3] File [C:/Users/lin/OneDrive - University of Illinois - Urbana/桌面/CS498GDFInalProject/FinalProject/Saved/Config/Windows/Scalability.ini]
[2021.12.03-06.36.30:315][  0]LogConfig: Setting CVar [[r.MotionBlurQuality:4]]
[2021.12.03-06.36.30:315][  0]LogConfig: Setting CVar [[r.AmbientOcclusionMipLevelFactor:0.4]]
[2021.12.03-06.36.30:315][  0]LogConfig: Setting CVar [[r.AmbientOcclusionMaxQuality:100]]
[2021.12.03-06.36.30:315][  0]LogConfig: Setting CVar [[r.AmbientOcclusionLevels:-1]]
[2021.12.03-06.36.30:315][  0]LogConfig: Setting CVar [[r.AmbientOcclusionRadiusScale:1.0]]
[2021.12.03-06.36.30:315][  0]LogConfig: Setting CVar [[r.DepthOfFieldQuality:2]]
[2021.12.03-06.36.30:315][  0]LogConfig: Setting CVar [[r.RenderTargetPoolMin:400]]
[2021.12.03-06.36.30:315][  0]LogConfig: Setting CVar [[r.LensFlareQuality:2]]
[2021.12.03-06.36.30:315][  0]LogConfig: Setting CVar [[r.SceneColorFringeQuality:1]]
[2021.12.03-06.36.30:315][  0]LogConfig: Setting CVar [[r.EyeAdaptationQuality:2]]
[2021.12.03-06.36.30:315][  0]LogConfig: Setting CVar [[r.BloomQuality:5]]
[2021.12.03-06.36.30:315][  0]LogConfig: Setting CVar [[r.FastBlurThreshold:100]]
[2021.12.03-06.36.30:315][  0]LogConfig: Setting CVar [[r.Upscale.Quality:3]]
[2021.12.03-06.36.30:315][  0]LogConfig: Setting CVar [[r.Tonemapper.GrainQuantization:1]]
[2021.12.03-06.36.30:315][  0]LogConfig: Setting CVar [[r.LightShaftQuality:1]]
[2021.12.03-06.36.30:315][  0]LogConfig: Setting CVar [[r.Filter.SizeScale:1]]
[2021.12.03-06.36.30:315][  0]LogConfig: Setting CVar [[r.Tonemapper.Quality:5]]
[2021.12.03-06.36.30:315][  0]LogConfig: Setting CVar [[r.DOF.Gather.AccumulatorQuality:1        ; higher gathering accumulator quality]]
[2021.12.03-06.36.30:315][  0]LogConfig: Setting CVar [[r.DOF.Gather.PostfilterMethod:1          ; Median3x3 postfilering method]]
[2021.12.03-06.36.30:315][  0]LogConfig: Setting CVar [[r.DOF.Gather.EnableBokehSettings:0       ; no bokeh simulation when gathering]]
[2021.12.03-06.36.30:315][  0]LogConfig: Setting CVar [[r.DOF.Gather.RingCount:4                 ; medium number of samples when gathering]]
[2021.12.03-06.36.30:315][  0]LogConfig: Setting CVar [[r.DOF.Scatter.ForegroundCompositing:1    ; additive foreground scattering]]
[2021.12.03-06.36.30:315][  0]LogConfig: Setting CVar [[r.DOF.Scatter.BackgroundCompositing:2    ; additive background scattering]]
[2021.12.03-06.36.30:315][  0]LogConfig: Setting CVar [[r.DOF.Scatter.EnableBokehSettings:1      ; bokeh simulation when scattering]]
[2021.12.03-06.36.30:315][  0]LogConfig: Setting CVar [[r.DOF.Scatter.MaxSpriteRatio:0.1         ; only a maximum of 10% of scattered bokeh]]
[2021.12.03-06.36.30:315][  0]LogConfig: Setting CVar [[r.DOF.Recombine.Quality:1                ; cheap slight out of focus]]
[2021.12.03-06.36.30:315][  0]LogConfig: Setting CVar [[r.DOF.Recombine.EnableBokehSettings:0    ; no bokeh simulation on slight out of focus]]
[2021.12.03-06.36.30:315][  0]LogConfig: Setting CVar [[r.DOF.TemporalAAQuality:1                ; more stable temporal accumulation]]
[2021.12.03-06.36.30:315][  0]LogConfig: Setting CVar [[r.DOF.Kernel.MaxForegroundRadius:0.025]]
[2021.12.03-06.36.30:315][  0]LogConfig: Setting CVar [[r.DOF.Kernel.MaxBackgroundRadius:0.025]]
[2021.12.03-06.36.30:315][  0]LogConfig: Applying CVar settings from Section [TextureQuality@3] File [C:/Users/lin/OneDrive - University of Illinois - Urbana/桌面/CS498GDFInalProject/FinalProject/Saved/Config/Windows/Scalability.ini]
[2021.12.03-06.36.30:315][  0]LogConfig: Setting CVar [[r.Streaming.MipBias:0]]
[2021.12.03-06.36.30:315][  0]LogConfig: Setting CVar [[r.Streaming.AmortizeCPUToGPUCopy:0]]
[2021.12.03-06.36.30:315][  0]LogConfig: Setting CVar [[r.Streaming.MaxNumTexturesToStreamPerFrame:0]]
[2021.12.03-06.36.30:315][  0]LogConfig: Setting CVar [[r.Streaming.Boost:1]]
[2021.12.03-06.36.30:315][  0]LogConfig: Setting CVar [[r.MaxAnisotropy:8]]
[2021.12.03-06.36.30:315][  0]LogConfig: Setting CVar [[r.VT.MaxAnisotropy:8]]
[2021.12.03-06.36.30:315][  0]LogConfig: Setting CVar [[r.Streaming.LimitPoolSizeToVRAM:0]]
[2021.12.03-06.36.30:315][  0]LogConfig: Setting CVar [[r.Streaming.PoolSize:1000]]
[2021.12.03-06.36.30:315][  0]LogConfig: Setting CVar [[r.Streaming.MaxEffectiveScreenSize:0]]
[2021.12.03-06.36.30:315][  0]LogConfig: Applying CVar settings from Section [EffectsQuality@3] File [C:/Users/lin/OneDrive - University of Illinois - Urbana/桌面/CS498GDFInalProject/FinalProject/Saved/Config/Windows/Scalability.ini]
[2021.12.03-06.36.30:315][  0]LogConfig: Setting CVar [[r.TranslucencyLightingVolumeDim:64]]
[2021.12.03-06.36.30:315][  0]LogConfig: Setting CVar [[r.RefractionQuality:2]]
[2021.12.03-06.36.30:315][  0]LogConfig: Setting CVar [[r.SSR.Quality:3]]
[2021.12.03-06.36.30:315][  0]LogConfig: Setting CVar [[r.SSR.HalfResSceneColor:0]]
[2021.12.03-06.36.30:315][  0]LogConfig: Setting CVar [[r.SceneColorFormat:4]]
[2021.12.03-06.36.30:315][  0]LogConfig: Setting CVar [[r.DetailMode:2]]
[2021.12.03-06.36.30:315][  0]LogConfig: Setting CVar [[r.TranslucencyVolumeBlur:1]]
[2021.12.03-06.36.30:315][  0]LogConfig: Setting CVar [[r.MaterialQualityLevel:1 ; High quality]]
[2021.12.03-06.36.30:315][  0]LogConfig: Setting CVar [[r.AnisotropicMaterials:1]]
[2021.12.03-06.36.30:315][  0]LogConfig: Setting CVar [[r.SSS.Scale:1]]
[2021.12.03-06.36.30:315][  0]LogConfig: Setting CVar [[r.SSS.SampleSet:2]]
[2021.12.03-06.36.30:315][  0]LogConfig: Setting CVar [[r.SSS.Quality:1]]
[2021.12.03-06.36.30:315][  0]LogConfig: Setting CVar [[r.SSS.HalfRes:0]]
[2021.12.03-06.36.30:315][  0]LogConfig: Setting CVar [[r.SSGI.Quality:3]]
[2021.12.03-06.36.30:315][  0]LogConfig: Setting CVar [[r.EmitterSpawnRateScale:1.0]]
[2021.12.03-06.36.30:315][  0]LogConfig: Setting CVar [[r.ParticleLightQuality:2]]
[2021.12.03-06.36.30:315][  0]LogConfig: Setting CVar [[r.SkyAtmosphere.AerialPerspectiveLUT.FastApplyOnOpaque:1 ; Always have FastSkyLUT 1 in this case to avoid wrong sky]]
[2021.12.03-06.36.30:315][  0]LogConfig: Setting CVar [[r.SkyAtmosphere.AerialPerspectiveLUT.SampleCountMaxPerSlice:4]]
[2021.12.03-06.36.30:315][  0]LogConfig: Setting CVar [[r.SkyAtmosphere.AerialPerspectiveLUT.DepthResolution:16.0]]
[2021.12.03-06.36.30:315][  0]LogConfig: Setting CVar [[r.SkyAtmosphere.FastSkyLUT:1]]
[2021.12.03-06.36.30:315][  0]LogConfig: Setting CVar [[r.SkyAtmosphere.FastSkyLUT.SampleCountMin:4.0]]
[2021.12.03-06.36.30:315][  0]LogConfig: Setting CVar [[r.SkyAtmosphere.FastSkyLUT.SampleCountMax:128.0]]
[2021.12.03-06.36.30:315][  0]LogConfig: Setting CVar [[r.SkyAtmosphere.SampleCountMin:4.0]]
[2021.12.03-06.36.30:315][  0]LogConfig: Setting CVar [[r.SkyAtmosphere.SampleCountMax:128.0]]
[2021.12.03-06.36.30:315][  0]LogConfig: Setting CVar [[r.SkyAtmosphere.TransmittanceLUT.UseSmallFormat:0]]
[2021.12.03-06.36.30:315][  0]LogConfig: Setting CVar [[r.SkyAtmosphere.TransmittanceLUT.SampleCount:10.0]]
[2021.12.03-06.36.30:315][  0]LogConfig: Setting CVar [[r.SkyAtmosphere.MultiScatteringLUT.SampleCount:15.0]]
[2021.12.03-06.36.30:315][  0]LogConfig: Setting CVar [[r.SkyLight.RealTimeReflectionCapture:1]]
[2021.12.03-06.36.30:315][  0]LogConfig: Applying CVar settings from Section [FoliageQuality@3] File [C:/Users/lin/OneDrive - University of Illinois - Urbana/桌面/CS498GDFInalProject/FinalProject/Saved/Config/Windows/Scalability.ini]
[2021.12.03-06.36.30:315][  0]LogConfig: Setting CVar [[foliage.DensityScale:1.0]]
[2021.12.03-06.36.30:315][  0]LogConfig: Setting CVar [[grass.DensityScale:1.0]]
[2021.12.03-06.36.30:315][  0]LogConfig: Applying CVar settings from Section [ShadingQuality@3] File [C:/Users/lin/OneDrive - University of Illinois - Urbana/桌面/CS498GDFInalProject/FinalProject/Saved/Config/Windows/Scalability.ini]
[2021.12.03-06.36.30:315][  0]LogConfig: Setting CVar [[r.HairStrands.SkyLighting.IntegrationType:2]]
[2021.12.03-06.36.30:315][  0]LogConfig: Setting CVar [[r.HairStrands.SkyAO.SampleCount:4]]
[2021.12.03-06.36.30:315][  0]LogConfig: Setting CVar [[r.HairStrands.Visibility.MSAA.SamplePerPixel:4]]
[2021.12.03-06.36.30:315][  0]LogConfig: Applying CVar settings from Section [Startup] File [../../../Engine/Config/ConsoleVariables.ini]
[2021.12.03-06.36.30:315][  0]LogConfig: Setting CVar [[net.UseAdaptiveNetUpdateFrequency:0]]
[2021.12.03-06.36.30:315][  0]LogConfig: Setting CVar [[p.chaos.AllowCreatePhysxBodies:1]]
[2021.12.03-06.36.30:315][  0]LogConfig: Setting CVar [[fx.SkipVectorVMBackendOptimizations:1]]
[2021.12.03-06.36.30:315][  0]LogConfig: Applying CVar settings from Section [ConsoleVariables] File [C:/Users/lin/OneDrive - University of Illinois - Urbana/桌面/CS498GDFInalProject/FinalProject/Saved/Config/Windows/Engine.ini]
[2021.12.03-06.36.30:315][  0]LogConfig: Applying CVar settings from Section [ConsoleVariables] File [C:/Users/lin/OneDrive - University of Illinois - Urbana/桌面/CS498GDFInalProject/FinalProject/Saved/Config/Windows/Editor.ini]
[2021.12.03-06.36.30:315][  0]LogInit: Computer: DESKTOP-2KGTCOO
[2021.12.03-06.36.30:315][  0]LogInit: User: lin
[2021.12.03-06.36.30:315][  0]LogInit: CPU Page size=4096, Cores=6
[2021.12.03-06.36.30:315][  0]LogInit: High frequency timer resolution =10.000000 MHz
[2021.12.03-06.36.30:315][  0]LogMemory: Memory total: Physical=15.9GB (16GB approx)
[2021.12.03-06.36.30:315][  0]LogMemory: Platform Memory Stats for Windows
[2021.12.03-06.36.30:315][  0]LogMemory: Process Physical Memory: 148.07 MB used, 148.08 MB peak
[2021.12.03-06.36.30:315][  0]LogMemory: Process Virtual Memory: 131.85 MB used, 131.85 MB peak
[2021.12.03-06.36.30:315][  0]LogMemory: Physical Memory: 9279.30 MB used,  7030.93 MB free, 16310.23 MB total
[2021.12.03-06.36.30:315][  0]LogMemory: Virtual Memory: 134210512.00 MB used,  7216.25 MB free, 134217728.00 MB total
[2021.12.03-06.36.30:320][  0]LogWindows: WindowsPlatformFeatures enabled
[2021.12.03-06.36.30:346][  0]LogInit: Physics initialised using underlying interface: PhysX
[2021.12.03-06.36.30:347][  0]LogInit: Overriding language with editor language configuration option (en).
[2021.12.03-06.36.30:347][  0]LogInit: Using OS detected locale (zh-CN).
[2021.12.03-06.36.30:495][  0]LogInit: Setting process to per monitor DPI aware
[2021.12.03-06.36.30:503][  0]LogWindowsTextInputMethodSystem: Display: IME system deactivated.
[2021.12.03-06.36.30:512][  0]LogSlate: New Slate User Created.  User Index 0, Is Virtual User: 0
[2021.12.03-06.36.30:512][  0]LogSlate: Slate User Registered.  User Index 0, Is Virtual User: 0
[2021.12.03-06.36.30:598][  0]LogD3D11RHI: Loaded GFSDK_Aftermath_Lib.x64.dll
[2021.12.03-06.36.30:600][  0]LogHMD: Failed to initialize OpenVR with code 110
[2021.12.03-06.36.30:600][  0]LogD3D11RHI: D3D11 min allowed feature level: 11_0
[2021.12.03-06.36.30:600][  0]LogD3D11RHI: D3D11 max allowed feature level: 11_0
[2021.12.03-06.36.30:600][  0]LogD3D11RHI: D3D11 adapters:
[2021.12.03-06.36.30:690][  0]LogD3D11RHI:    0. 'NVIDIA GeForce RTX 3060 Ti' (Feature Level 11_0)
[2021.12.03-06.36.30:690][  0]LogD3D11RHI:       8050/0/8155 MB DedicatedVideo/DedicatedSystem/SharedSystem, Outputs:1, VendorId:0x10de
[2021.12.03-06.36.30:691][  0]LogD3D11RHI:    1. 'Microsoft Basic Render Driver' (Feature Level 11_0)
[2021.12.03-06.36.30:691][  0]LogD3D11RHI:       0/0/8155 MB DedicatedVideo/DedicatedSystem/SharedSystem, Outputs:0, VendorId:0x1414
[2021.12.03-06.36.30:692][  0]LogD3D11RHI: Chosen D3D11 Adapter:
[2021.12.03-06.36.30:692][  0]LogD3D11RHI:     Description : NVIDIA GeForce RTX 3060 Ti
[2021.12.03-06.36.30:692][  0]LogD3D11RHI:     VendorId    : 10de
[2021.12.03-06.36.30:692][  0]LogD3D11RHI:     DeviceId    : 2489
[2021.12.03-06.36.30:692][  0]LogD3D11RHI:     SubSysId    : 39721462
[2021.12.03-06.36.30:692][  0]LogD3D11RHI:     Revision    : 00a1
[2021.12.03-06.36.30:692][  0]LogD3D11RHI:     DedicatedVideoMemory : 8441036800 bytes
[2021.12.03-06.36.30:692][  0]LogD3D11RHI:     DedicatedSystemMemory : 0 bytes
[2021.12.03-06.36.30:692][  0]LogD3D11RHI:     SharedSystemMemory : 8551258112 bytes
[2021.12.03-06.36.30:692][  0]LogD3D11RHI:     AdapterLuid : 0 1132184584
[2021.12.03-06.36.30:701][  0]LogD3D11RHI: Creating new Direct3DDevice
[2021.12.03-06.36.30:701][  0]LogD3D11RHI:     GPU DeviceId: 0x2489 (for the marketing name, search the web for "GPU Device Id")
[2021.12.03-06.36.30:701][  0]LogWindows: EnumDisplayDevices:
[2021.12.03-06.36.30:701][  0]LogWindows:    0. 'NVIDIA GeForce RTX 3060 Ti' (P:1 D:1)
[2021.12.03-06.36.30:701][  0]LogWindows:    1. 'NVIDIA GeForce RTX 3060 Ti' (P:0 D:0)
[2021.12.03-06.36.30:701][  0]LogWindows:    2. 'NVIDIA GeForce RTX 3060 Ti' (P:0 D:0)
[2021.12.03-06.36.30:702][  0]LogWindows:    3. 'NVIDIA GeForce RTX 3060 Ti' (P:0 D:0)
[2021.12.03-06.36.30:702][  0]LogWindows: DebugString: FoundDriverCount:4 
[2021.12.03-06.36.30:702][  0]LogD3D11RHI:     Adapter Name: NVIDIA GeForce RTX 3060 Ti
[2021.12.03-06.36.30:702][  0]LogD3D11RHI:   Driver Version: 497.09 (internal:30.0.14.9709, unified:497.09)
[2021.12.03-06.36.30:702][  0]LogD3D11RHI:      Driver Date: 11-26-2021
[2021.12.03-06.36.30:702][  0]LogRHI: Texture pool is 5635 MB (70% of 8050 MB)
[2021.12.03-06.36.30:702][  0]LogD3D11RHI: Creating D3DDevice using adapter:
[2021.12.03-06.36.30:702][  0]LogD3D11RHI:     Description : NVIDIA GeForce RTX 3060 Ti
[2021.12.03-06.36.30:702][  0]LogD3D11RHI:     VendorId    : 10de
[2021.12.03-06.36.30:702][  0]LogD3D11RHI:     DeviceId    : 2489
[2021.12.03-06.36.30:702][  0]LogD3D11RHI:     SubSysId    : 39721462
[2021.12.03-06.36.30:702][  0]LogD3D11RHI:     Revision    : 00a1
[2021.12.03-06.36.30:702][  0]LogD3D11RHI:     DedicatedVideoMemory : 8441036800 bytes
[2021.12.03-06.36.30:702][  0]LogD3D11RHI:     DedicatedSystemMemory : 0 bytes
[2021.12.03-06.36.30:702][  0]LogD3D11RHI:     SharedSystemMemory : 8551258112 bytes
[2021.12.03-06.36.30:702][  0]LogD3D11RHI:     AdapterLuid : 0 1132184584
[2021.12.03-06.36.30:753][  0]LogD3D11RHI: RHI has support for 64 bit atomics
[2021.12.03-06.36.30:753][  0]LogD3D11RHI: Async texture creation enabled
[2021.12.03-06.36.30:753][  0]LogD3D11RHI: Array index from any shader is supported
[2021.12.03-06.36.30:754][  0]LogD3D11RHI: HDR output is supported on display 0 (NvId: 0x80061082).
[2021.12.03-06.36.30:784][  0]LogD3D11RHI: GPU Timing Frequency: 1000.000000 (Debug: 2 1)
[2021.12.03-06.36.30:804][  0]LogRHI: GeForceNow SDK initialized: 1
[2021.12.03-06.36.31:034][  0]LogTargetPlatformManager: Display: Loaded TargetPlatform 'AllDesktop'
[2021.12.03-06.36.31:053][  0]LogTargetPlatformManager: Display: Loaded TargetPlatform 'Android'
[2021.12.03-06.36.31:053][  0]LogTargetPlatformManager: Display: Loaded TargetPlatform 'Android_ASTC'
[2021.12.03-06.36.31:053][  0]LogTargetPlatformManager: Display: Loaded TargetPlatform 'Android_DXT'
[2021.12.03-06.36.31:053][  0]LogTargetPlatformManager: Display: Loaded TargetPlatform 'Android_ETC2'
[2021.12.03-06.36.31:053][  0]LogTargetPlatformManager: Display: Loaded TargetPlatform 'AndroidClient'
[2021.12.03-06.36.31:053][  0]LogTargetPlatformManager: Display: Loaded TargetPlatform 'Android_ASTCClient'
[2021.12.03-06.36.31:053][  0]LogTargetPlatformManager: Display: Loaded TargetPlatform 'Android_DXTClient'
[2021.12.03-06.36.31:053][  0]LogTargetPlatformManager: Display: Loaded TargetPlatform 'Android_ETC2Client'
[2021.12.03-06.36.31:053][  0]LogTargetPlatformManager: Display: Loaded TargetPlatform 'Android_Multi'
[2021.12.03-06.36.31:053][  0]LogTargetPlatformManager: Display: Loaded TargetPlatform 'Android_MultiClient'
[2021.12.03-06.36.31:067][  0]LogTargetPlatformManager: Display: Loaded TargetPlatform 'IOSClient'
[2021.12.03-06.36.31:067][  0]LogTargetPlatformManager: Display: Loaded TargetPlatform 'IOS'
[2021.12.03-06.36.31:074][  0]LogTargetPlatformManager: Display: Loaded TargetPlatform 'Linux'
[2021.12.03-06.36.31:078][  0]LogTargetPlatformManager: Display: Loaded TargetPlatform 'LinuxNoEditor'
[2021.12.03-06.36.31:081][  0]LogTargetPlatformManager: Display: Loaded TargetPlatform 'LinuxClient'
[2021.12.03-06.36.31:085][  0]LogTargetPlatformManager: Display: Loaded TargetPlatform 'LinuxServer'
[2021.12.03-06.36.31:092][  0]LogTargetPlatformManager: Display: Loaded TargetPlatform 'LinuxAArch64NoEditor'
[2021.12.03-06.36.31:095][  0]LogTargetPlatformManager: Display: Loaded TargetPlatform 'LinuxAArch64Client'
[2021.12.03-06.36.31:099][  0]LogTargetPlatformManager: Display: Loaded TargetPlatform 'LinuxAArch64Server'
[2021.12.03-06.36.31:115][  0]LogTargetPlatformManager: Display: Loaded TargetPlatform 'Lumin'
[2021.12.03-06.36.31:115][  0]LogTargetPlatformManager: Display: Loaded TargetPlatform 'LuminClient'
[2021.12.03-06.36.31:121][  0]LogTargetPlatformManager: Display: Loaded TargetPlatform 'MacNoEditor'
[2021.12.03-06.36.31:124][  0]LogTargetPlatformManager: Display: Loaded TargetPlatform 'Mac'
[2021.12.03-06.36.31:128][  0]LogTargetPlatformManager: Display: Loaded TargetPlatform 'MacClient'
[2021.12.03-06.36.31:131][  0]LogTargetPlatformManager: Display: Loaded TargetPlatform 'MacServer'
[2021.12.03-06.36.31:138][  0]LogTargetPlatformManager: Display: Loaded TargetPlatform 'TVOSClient'
[2021.12.03-06.36.31:138][  0]LogTargetPlatformManager: Display: Loaded TargetPlatform 'TVOS'
[2021.12.03-06.36.31:145][  0]LogTargetPlatformManager: Display: Loaded TargetPlatform 'WindowsNoEditor'
[2021.12.03-06.36.31:149][  0]LogTargetPlatformManager: Display: Loaded TargetPlatform 'Windows'
[2021.12.03-06.36.31:152][  0]LogTargetPlatformManager: Display: Loaded TargetPlatform 'WindowsClient'
[2021.12.03-06.36.31:156][  0]LogTargetPlatformManager: Display: Loaded TargetPlatform 'WindowsServer'
[2021.12.03-06.36.31:156][  0]LogTargetPlatformManager: Display: Building Assets For Windows
[2021.12.03-06.36.31:161][  0]LogAudioDebug: Display: Lib vorbis DLL was dynamically loaded.
[2021.12.03-06.36.31:182][  0]LogTextureFormatOodle: Display: Oodle Texture 2.9.0 init RDO Off
[2021.12.03-06.36.31:207][  0]LogRendererCore: Ray tracing is disabled. Reason: r.RayTracing=0.
[2021.12.03-06.36.31:207][  0]LogShaderCompilers: Guid format shader working directory is -48 characters bigger than the processId version (C:/Users/lin/OneDrive - University of Illinois - Urbana/桌面/CS498GDFInalProject/FinalProject/Intermediate/Shaders/WorkingDirectory/22280/).
[2021.12.03-06.36.31:207][  0]LogShaderCompilers: Cleaned the shader compiler working directory 'C:/Users/lin/AppData/Local/Temp/UnrealShaderWorkingDir/338150414F97BCC13643F186747410AD/'.
[2021.12.03-06.36.31:207][  0]LogXGEController: Cannot use XGE Controller as Incredibuild is not installed on this machine.
[2021.12.03-06.36.31:207][  0]LogShaderCompilers: Cannot use XGE Shader Compiler as Incredibuild is not installed on this machine.
[2021.12.03-06.36.31:207][  0]LogShaderCompilers: Display: Using Local Shader Compiler.
[2021.12.03-06.36.31:731][  0]LogDerivedDataCache: Display: Max Cache Size: 512 MB
[2021.12.03-06.36.31:800][  0]LogDerivedDataCache: Loaded boot cache 0.07s 94MB C:/Users/lin/AppData/Local/UnrealEngine/4.27/DerivedDataCache/Boot.ddc.
[2021.12.03-06.36.31:800][  0]LogDerivedDataCache: Display: Loaded Boot cache: C:/Users/lin/AppData/Local/UnrealEngine/4.27/DerivedDataCache/Boot.ddc
[2021.12.03-06.36.31:801][  0]LogDerivedDataCache: FDerivedDataBackendGraph:  Pak pak cache file C:/Users/lin/OneDrive - University of Illinois - Urbana/桌面/CS498GDFInalProject/FinalProject/DerivedDataCache/DDC.ddp not found, will not use a pak cache.
[2021.12.03-06.36.31:801][  0]LogDerivedDataCache: Unable to find inner node Pak for hierarchical cache Hierarchy.
[2021.12.03-06.36.31:801][  0]LogDerivedDataCache: FDerivedDataBackendGraph:  CompressedPak pak cache file C:/Users/lin/OneDrive - University of Illinois - Urbana/桌面/CS498GDFInalProject/FinalProject/DerivedDataCache/Compressed.ddp not found, will not use a pak cache.
[2021.12.03-06.36.31:801][  0]LogDerivedDataCache: Unable to find inner node CompressedPak for hierarchical cache Hierarchy.
[2021.12.03-06.36.31:814][  0]LogDerivedDataCache: Display: Pak cache opened for reading ../../../Engine/DerivedDataCache/Compressed.ddp.
[2021.12.03-06.36.31:814][  0]LogDerivedDataCache: FDerivedDataBackendGraph:  EnterprisePak pak cache file ../../../Enterprise/DerivedDataCache/Compressed.ddp not found, will not use a pak cache.
[2021.12.03-06.36.31:814][  0]LogDerivedDataCache: Unable to find inner node EnterprisePak for hierarchical cache Hierarchy.
[2021.12.03-06.36.31:819][  0]LogDerivedDataCache: Speed tests for C:/Users/lin/AppData/Local/UnrealEngine/Common/DerivedDataCache took 0.01 seconds
[2021.12.03-06.36.31:820][  0]LogDerivedDataCache: Display: Performance to C:/Users/lin/AppData/Local/UnrealEngine/Common/DerivedDataCache: Latency=0.02ms. RandomReadSpeed=1782.72MBs, RandomWriteSpeed=215.24MBs. Assigned SpeedClass 'Local'
[2021.12.03-06.36.31:821][  0]LogDerivedDataCache: Using Local data cache path C:/Users/lin/AppData/Local/UnrealEngine/Common/DerivedDataCache: Writable
[2021.12.03-06.36.31:821][  0]LogDerivedDataCache: Shared data cache path not found in *engine.ini, will not use an Shared cache.
[2021.12.03-06.36.31:821][  0]LogDerivedDataCache: Unable to find inner node Shared for hierarchical cache Hierarchy.
[2021.12.03-06.36.31:856][  0]LogSlate: Using FreeType 2.10.0
[2021.12.03-06.36.31:857][  0]LogSlate: SlateFontServices - WITH_FREETYPE: 1, WITH_HARFBUZZ: 1
[2021.12.03-06.36.31:876][  0]LogAssetRegistry: FAssetRegistry took 0.0023 seconds to start up
[2021.12.03-06.36.32:062][  0]LogInit: Selected Device Profile: [Windows]
[2021.12.03-06.36.32:062][  0]LogInit: Active device profile: [00000187E9AD5100][00000187EAA894C0 49] Windows
[2021.12.03-06.36.32:062][  0]LogInit: Profiles: [00000187E9AD5100][00000187EAA894C0 49] Windows, [00000187E9AB2B00][00000187EAE99780 49] WindowsNoEditor, [00000187E9AD6200][00000187EAE9DA40 49] WindowsServer, [00000187E9AB1D00][00000187EA792180 49] WindowsClient, [00000187E9AD5700][00000187EA796440 49] IOS, [00000187E9AB2D00][00000187EA79A700 49] iPadAir, [00000187E9AD7C00][00000187E0FB89C0 49] iPadAir2, [00000187EB821400][00000187EA7AAE80 49] IPadPro, [00000187EB821500][00000187EAA8CEC0 49] iPadAir3, [00000187E9AB3E00][00000187EA7A7180 49] iPadAir4, [00000187EB822300][00000187EA7A3440 49] iPadMini2, [00000187E9AB3500][00000187EA7AF700 49] iPadMini3, [00000187EB822F00][00000187EA7B39C0 49] iPadMini4, [00000187E9AB2200][00000187E112A100 49] iPadMini5, [00000187EB829000][00000187E113E640 49] iPhone6, [00000187EB829100][00000187E112E680 49] iPodTouch6, [00000187E9AD7900][00000187E0D32BC0 49] iPhone7, [00000187E9AD6900][00000187E1136C00 49] iPodTouch7, [00000187EB821000][00000187EA79EE80 49] iPhone5S, [00000187E9AD6F00][00000187E113B100 49] iPhone6Plus, [00000187EB823600][00000187E0D2F3C0 49] iPhone6S, [00000187E9AD4C00][00000187E0D3F680 49] iPhone6SPlus, [00000187EB820800][00000187E0D47940 49] iPhone7Plus, [00000187E9AD5A00][00000187EAB2DC00 49] iPhoneSE, [00000187EB828100][00000187EAB68340 49] iPhone8, [00000187EB822E00][00000187EA9D6600 49] iPhone8Plus, [00000187EB828C00][00000187EA9DA8C0 49] iPhoneX, [00000187EB823300][00000187EA9DEB80 49] iPhoneXS, [00000187EB82B800][00000187EAA52E40 49] iPhoneXSMax, [00000187EB820B00][00000187E11330C0 49] iPhoneXR, [00000187EB82A900][00000187EAA57340 49] iPhone11, [00000187EB822D00][00000187EAA5F600 49] iPhone11Pro, [00000187EB82BA00][00000187EAB718C0 49] iPhone11ProMax, [00000187E9AD4B00][00000187EABB1B80 49] iPhoneSE2, [00000187EB829500][00000187EABB42C0 49] iPhone12Mini, [00000187E9AD6400][00000187EABB8580 49] iPhone12, [00000187EB828E00][00000187EABBC840 49] iPhone12Pro, [00000187E9AD6700][00000187E0F68B00 49] iPhone12ProMax, [00000187EB829900][00000187E0FA8DC0 49] iPadPro105, [00000187E9AD5400][00000187E0FAD080 49] iPadPro129, [00000187EB82B700][00000187EAA5B300 49] iPadPro97, [00000187E9AD6000][00000187E0FB1580 49] iPadPro2_129, [00000187EB829D00][00000187E0CF5840 49] iPad5, [00000187E9AD5500][00000187E0CFDB00 49] iPad6, [00000187EB82B400][00000187E0D00240 49] iPad7, [00000187E9AD4100][00000187E0D04500 49] iPad8, [00000187EB828700][00000187EAC467C0 49] iPadPro11, [00000187E9AD5B00][00000187EAC4AA80 49] iPadPro2_11, [00000187EB828800][00000187E0CA0D40 49] iPadPro3_129, [00000187E9AD6D00][00000187E0CA5000 49] iPadPro4_129, [00000187EB82BD00][00000187E0CA92C0 49] AppleTV, [00000187E9AD7D00][00000187E0FB5540 49] AppleTV4K, [00000187EB829F00][00000187EAC437C0 49] TVOS, [00000187E9AD5E00][00000187E0CADA80 49] Mac, [00000187EB828A00][00000187E0CB01C0 49] MacClient, [00000187E9AD5300][00000187E0CBC480 49] MacNoEditor, [00000187EB829200][00000187E0D16740 49] MacServer, [00000187E9AD4A00][00000187E0D1AA00 49] Linux, [00000187EB829A00][00000187E0D1ECC0 49] LinuxAArch64, [00000187E9AD5200][00000187E0D22F80 49] LinuxNoEditor, [00000187EB828400][00000187E0D27240 49] LinuxAArch64NoEditor, [00000187E9AD5C00][00000187E0D2B500 49] LinuxClient, [00000187EB82B500][00000187E0CF9780 49] LinuxAArch64Client, [00000187E9AD4600][00000187E10AFA40 49] LinuxServer, [00000187EB82AC00][00000187E0D42180 49] LinuxAArch64Server, [00000187E9AD6300][00000187E0D3A440 49] Android, [00000187EB82AF00][00000187EAE68700 49] Android_Low, [00000187E9AD7300][00000187EAE709C0 49] Android_Mid, [00000187EB82A500][00000187EAE74C80 49] Android_High, [00000187E9AD7600][00000187EAE78F40 49] Android_Default, [00000187EB82A700][00000187EAE7D200 49] Android_Adreno4xx, [00000187E9AD7E00][00000187EAE814C0 49] Android_Adreno5xx_Low, [00000187EB82BC00][00000187EAE6D740 49] Android_Adreno5xx, [00000187E9AD5600][00000187EAE859C0 49] Android_Adreno6xx, [00000187EB82A800][00000187EAE8C100 49] Android_Adreno6xx_Vulkan, [00000187E9AD7500][00000187EAE903C0 49] Android_Mali_T6xx, [00000187EB82A000][00000187EAE94680 49] Android_Mali_T7xx, [00000187E9AD7F00][00000187EAAD0940 49] Android_Mali_T8xx, [00000187EB828900][00000187EAAD4C00 49] Android_Mali_G71, [00000187E9AD4700][00000187EAAD8EC0 49] Android_Mali_G72, [00000187E9AB0600][00000187EAADD180 49] Android_Mali_G72_Vulkan, [00000187EB820D00][00000187EAAE1440 49] Android_Mali_G76, [00000187E9AB1300][00000187EAAE5700 49] Android_Mali_G76_Vulkan, [00000187EB822B00][00000187EAE89980 49] Android_Mali_G77, [00000187E9AB0C00][00000187EAAE9C00 49] Android_Mali_G77_Vulkan, [00000187EB820100][00000187EAAF0340 49] Android_Mali_G78, [00000187E9AB0400][00000187EAAF4600 49] Android_Mali_G78_Vulkan, [00000187EB821E00][00000187EAAF88C0 49] Android_Mali_G710, [00000187E9AB0D00][00000187EAAFCB80 49] Android_Mali_G710_Vulkan, [00000187EB822200][00000187EAB00E40 49] Android_Vulkan_SM5, [00000187E9AB1200][00000187EAB05100 49] Android_PowerVR_G6xxx, [00000187EB821C00][00000187EAB093C0 49] Android_PowerVR_GT7xxx, [00000187E9AB0800][00000187EA9E3680 49] Android_PowerVR_GE8xxx, [00000187EB822500][00000187EA9E7940 49] Android_PowerVR_GM9xxx, [00000187E9AB1C00][00000187EAAEDBC0 49] Android_PowerVR_GM9xxx_Vulkan, [00000187EB823400][00000187EA9EA2C0 49] Android_TegraK1, [00000187E9AB3100][00000187EA9F2580 49] Android_Unknown_Vulkan, [00000187EB820400][00000187EA9F6840 49] Lumin, [00000187E9AB0A00][00000187EA9FAB00 49] Lumin_Desktop, [00000187EB823900][00000187EA9FEDC0 49] HoloLens, 
[2021.12.03-06.36.32:152][  0]LogMeshReduction: Using QuadricMeshReduction for automatic static mesh reduction
[2021.12.03-06.36.32:152][  0]LogMeshReduction: Using SimplygonMeshReduction for automatic skeletal mesh reduction
[2021.12.03-06.36.32:152][  0]LogMeshReduction: Using ProxyLODMeshReduction for automatic mesh merging
[2021.12.03-06.36.32:152][  0]LogMeshReduction: No distributed automatic mesh merging module available
[2021.12.03-06.36.32:152][  0]LogMeshMerging: No distributed automatic mesh merging module available
[2021.12.03-06.36.32:163][  0]LogNetVersion: FinalProject 1.0.0, NetCL: 17155196, EngineNetVer: 17, GameNetVer: 0 (Checksum: 2450765920)
[2021.12.03-06.36.32:435][  0]LogTexture: Default maximum texture size for cubemaps generated from long-lat sources has been changed from 512 to unlimited. In order to preserve old behaiour for '/Engine/MapTemplates/Sky/DaylightAmbientCubemap.DaylightAmbientCubemap', its maximum texture size has been explicitly set to 512.
[2021.12.03-06.36.32:483][  0]LogHMD: PokeAHoleMaterial loaded successfully
[2021.12.03-06.36.32:488][  0]LogUObjectArray: 17178 objects as part of root set at end of initial load.
[2021.12.03-06.36.32:488][  0]LogUObjectAllocator: 4301856 out of 0 bytes used by permanent object pool.
[2021.12.03-06.36.32:488][  0]LogUObjectArray: CloseDisregardForGC: 0/0 objects in disregard for GC pool
[2021.12.03-06.36.32:685][  0]LogNiagaraDebuggerClient: Niagara Debugger Client Initialized | Session: 3F09B6244D5D88EB92202284C5379432 | Instance: 514A2827472194365D3CE9B7382522F2 (DESKTOP-2KGTCOO-22280).
[2021.12.03-06.36.32:714][  0]LogImageWrapper: Warning: PNG Warning: Duplicate iCCP chunk
[2021.12.03-06.36.32:714][  0]LogImageWrapper: Warning: PNG Warning: Duplicate iCCP chunk
[2021.12.03-06.36.32:714][  0]LogUdpMessaging: Initializing bridge on interface 0.0.0.0:0 to multicast group 230.0.0.1:6666.
[2021.12.03-06.36.32:778][  0]LogTcpMessaging: Initializing TcpMessaging bridge
[2021.12.03-06.36.32:785][  0]LogPython: Using Python 3.7.7
[2021.12.03-06.36.33:278][  0]SourceControl: Source control is disabled
[2021.12.03-06.36.33:278][  0]SourceControl: Source control is disabled
[2021.12.03-06.36.33:280][  0]SourceControl: Source control is disabled
[2021.12.03-06.36.33:284][  0]SourceControl: Source control is disabled
[2021.12.03-06.36.33:289][  0]SourceControl: Source control is disabled
[2021.12.03-06.36.33:291][  0]LogUProjectInfo: Found projects:
[2021.12.03-06.36.33:318][  0]LogVSAccessor: Display: Unable to create Visual Studio setup instance: 80040154
[2021.12.03-06.36.33:318][  0]LogVSAccessor: Display: Unable to create Visual Studio setup instance: 80040154
[2021.12.03-06.36.33:319][  0]LogVSAccessor: Display: Unable to create Visual Studio setup instance: 80040154
[2021.12.03-06.36.33:456][  0]LogOpenImageDenoise: OIDN starting up
[2021.12.03-06.36.33:472][  0]LogAndroidPermission: UAndroidPermissionCallbackProxy::GetInstance
[2021.12.03-06.36.33:488][  0]LogAudioCaptureCore: Display: No Audio Capture implementations found. Audio input will be silent.
[2021.12.03-06.36.33:488][  0]LogAudioCaptureCore: Display: No Audio Capture implementations found. Audio input will be silent.
[2021.12.03-06.36.33:579][  0]LogCollectionManager: Loaded 0 collections in 0.000547 seconds
[2021.12.03-06.36.33:598][  0]LogFileCache: Scanning file cache for directory 'C:/Users/lin/OneDrive - University of Illinois - Urbana/桌面/CS498GDFInalProject/FinalProject/Saved/Collections/' took 0.00s
[2021.12.03-06.36.33:598][  0]LogFileCache: Scanning file cache for directory 'C:/Users/lin/OneDrive - University of Illinois - Urbana/桌面/CS498GDFInalProject/FinalProject/Content/Developers/lin/Collections/' took 0.00s
[2021.12.03-06.36.33:598][  0]LogFileCache: Scanning file cache for directory 'C:/Users/lin/OneDrive - University of Illinois - Urbana/桌面/CS498GDFInalProject/FinalProject/Content/Collections/' took 0.00s
[2021.12.03-06.36.33:598][  0]LogOcInput: OculusInput pre-init called
[2021.12.03-06.36.33:767][  0]LogImageWrapper: Warning: PNG Warning: Duplicate iCCP chunk
[2021.12.03-06.36.33:767][  0]LogImageWrapper: Warning: PNG Warning: Duplicate iCCP chunk
[2021.12.03-06.36.33:772][  0]LogEngine: Initializing Engine...
[2021.12.03-06.36.33:802][  0]LogHMD: Failed to enumerate extensions. Please check that you have a valid OpenXR runtime installed.
[2021.12.03-06.36.33:802][  0]LogHMD: Failed to initialize OpenVR with code 110
[2021.12.03-06.36.33:802][  0]LogMagicLeap: Warning: VR disabled because ZI is not enabled.  To enable, in the editor, Edit -> Project Settings -> Plugins -> Magic Leap Plugin -> Enable Zero Iteration
[2021.12.03-06.36.33:803][  0]LogStats: UGameplayTagsManager::InitializeManager -  0.000 s
[2021.12.03-06.36.33:901][  0]LogInit: Initializing FReadOnlyCVARCache
[2021.12.03-06.36.33:909][  0]LogAIModule: Creating AISystem for world Untitled
[2021.12.03-06.36.33:922][  0]LogAudio: Display: Initializing Audio Device Manager...
[2021.12.03-06.36.33:925][  0]LogAudio: Display: Loading Default Audio Settings Objects...
[2021.12.03-06.36.33:926][  0]LogAudio: Display: No default SoundConcurrencyObject specified (or failed to load).
[2021.12.03-06.36.33:926][  0]LogAudio: Display: Audio Device Manager Initialized
[2021.12.03-06.36.33:926][  0]LogAudio: Display: Creating Audio Device:                 Id: 1, Scope: Shared, Realtime: True
[2021.12.03-06.36.33:926][  0]LogAudioMixer: Display: Audio Mixer Platform Settings:
[2021.12.03-06.36.33:926][  0]LogAudioMixer: Display: 	Sample Rate:						  48000
[2021.12.03-06.36.33:926][  0]LogAudioMixer: Display: 	Callback Buffer Frame Size Requested: 1024
[2021.12.03-06.36.33:926][  0]LogAudioMixer: Display: 	Callback Buffer Frame Size To Use:	  1024
[2021.12.03-06.36.33:926][  0]LogAudioMixer: Display: 	Number of buffers to queue:			  2
[2021.12.03-06.36.33:926][  0]LogAudioMixer: Display: 	Max Channels (voices):				  32
[2021.12.03-06.36.33:926][  0]LogAudioMixer: Display: 	Number of Async Source Workers:		  0
[2021.12.03-06.36.33:926][  0]LogAudio: Display: AudioDevice MaxSources: 32
[2021.12.03-06.36.33:926][  0]LogAudio: Display: Audio Spatialization Plugin: None (built-in).
[2021.12.03-06.36.33:926][  0]LogAudio: Display: Audio Reverb Plugin: None (built-in).
[2021.12.03-06.36.33:927][  0]LogAudio: Display: Audio Occlusion Plugin: None (built-in).
[2021.12.03-06.36.33:927][  0]LogAudioMixer: Display: Initializing audio mixer.
[2021.12.03-06.36.33:933][  0]LogAudioMixer: Display: 0: FrontLeft
[2021.12.03-06.36.33:933][  0]LogAudioMixer: Display: 1: FrontRight
[2021.12.03-06.36.33:944][  0]LogAudioMixer: Display: Using Audio Device Headphones (High Definition Audio Device)
[2021.12.03-06.36.33:949][  0]LogAudioMixer: Display: Initializing Sound Submixes...
[2021.12.03-06.36.33:951][  0]LogAudioMixer: Display: Creating Master Submix 'MasterSubmixDefault'
[2021.12.03-06.36.33:951][  0]LogAudioMixer: Display: Creating Master Submix 'MasterReverbSubmixDefault'
[2021.12.03-06.36.33:952][  0]LogAudioMixer: Display: Creating Master Submix 'MasterEQSubmixDefault'
[2021.12.03-06.36.33:952][  0]LogAudioMixer: FMixerPlatformXAudio2::StartAudioStream() called
[2021.12.03-06.36.33:952][  0]LogAudioMixer: Display: Output buffers initialized: Frames=1024, Channels=2, Samples=2048
[2021.12.03-06.36.33:953][  0]LogAudioMixer: Display: Starting AudioMixerPlatformInterface::RunInternal()
[2021.12.03-06.36.33:953][  0]LogAudioMixer: Display: FMixerPlatformXAudio2::SubmitBuffer() called for the first time
[2021.12.03-06.36.33:953][  0]LogInit: FAudioDevice initialized.
[2021.12.03-06.36.33:953][  0]LogAudio: Display: Audio Device (ID: 1) registered with world 'Untitled'.
[2021.12.03-06.36.33:953][  0]LogNetVersion: Set ProjectVersion to 1.0.0.0. Version Checksum will be recalculated on next use.
[2021.12.03-06.36.33:995][  0]LogDerivedDataCache: Saved boot cache 0.04s 94MB C:/Users/lin/AppData/Local/UnrealEngine/4.27/DerivedDataCache/Boot.ddc.
[2021.12.03-06.36.33:995][  0]LogInit: Texture streaming: Enabled
[2021.12.03-06.36.34:005][  0]LogAnalytics: Display: [UEEditor.Rocket.Release] APIServer = https://datarouter.ol.epicgames.com/. AppVersion = 4.27.1-17735300+++UE4+Release-4.27
[2021.12.03-06.36.34:008][  0]LogEngineSessionManager: EngineSessionManager initialized
[2021.12.03-06.36.34:008][  0]LogEditorSessionSummary: Verbose: Initializing EditorSessionSummaryWriter for editor session tracking
[2021.12.03-06.36.34:010][  0]LogEditorSessionSummary: EditorSessionSummaryWriter initialized
[2021.12.03-06.36.34:034][  0]LogInit: Transaction tracking system initialized
[2021.12.03-06.36.34:050][  0]BlueprintLog: New page: Editor Load
[2021.12.03-06.36.34:095][  0]LocalizationService: Localization service is disabled
[2021.12.03-06.36.34:112][  0]TimingProfiler: Initialize
[2021.12.03-06.36.34:112][  0]TimingProfiler: OnSessionChanged
[2021.12.03-06.36.34:112][  0]LoadingProfiler: Initialize
[2021.12.03-06.36.34:112][  0]LoadingProfiler: OnSessionChanged
[2021.12.03-06.36.34:112][  0]NetworkingProfiler: Initialize
[2021.12.03-06.36.34:112][  0]NetworkingProfiler: OnSessionChanged
[2021.12.03-06.36.34:112][  0]MemoryProfiler: Initialize
[2021.12.03-06.36.34:112][  0]MemoryProfiler: OnSessionChanged
[2021.12.03-06.36.34:153][  0]LogVSAccessor: Display: Unable to create Visual Studio setup instance: 80040154
[2021.12.03-06.36.34:154][  0]LogVSAccessor: Display: Unable to create Visual Studio setup instance: 80040154
[2021.12.03-06.36.34:154][  0]LogVSAccessor: Display: Unable to create Visual Studio setup instance: 80040154
[2021.12.03-06.36.34:208][  0]LogCook: Display: CookSettings for Memory: MemoryMaxUsedVirtual 0MiB, MemoryMaxUsedPhysical 16384MiB, MemoryMinFreeVirtual 0MiB, MemoryMinFreePhysical 1024MiB
[2021.12.03-06.36.34:209][  0]LogCook: Display: Mobile HDR setting 1
[2021.12.03-06.36.34:343][  0]LogFileCache: Scanning file cache for directory 'C:/Users/lin/OneDrive - University of Illinois - Urbana/桌面/CS498GDFInalProject/FinalProject/Content/' took 0.00s
[2021.12.03-06.36.34:476][  0]LogImageWrapper: Warning: PNG Warning: Duplicate iCCP chunk
[2021.12.03-06.36.34:476][  0]LogImageWrapper: Warning: PNG Warning: Duplicate iCCP chunk
[2021.12.03-06.36.34:476][  0]LogInit: Display: Engine is initialized. Leaving FEngineLoop::Init()
[2021.12.03-06.36.34:478][  0]SourceControl: Source control is disabled
[2021.12.03-06.36.34:478][  0]LogUnrealEdMisc: Loading editor; pre map load, took 4.961
[2021.12.03-06.36.34:478][  0]Cmd: MAP LOAD FILE="C:/Users/lin/OneDrive - University of Illinois - Urbana/桌面/CS498GDFInalProject/FinalProject/Content/StarterContent/Maps/Minimal_Default.umap" TEMPLATE=0 SHOWPROGRESS=1 FEATURELEVEL=3
[2021.12.03-06.36.34:478][  0]LightingResults: New page: Lighting Build
[2021.12.03-06.36.34:479][  0]LogWorld: UWorld::CleanupWorld for Untitled, bSessionEnded=true, bCleanupResources=true
[2021.12.03-06.36.34:479][  0]LogSlate: InvalidateAllWidgets triggered.  All widgets were invalidated
[2021.12.03-06.36.34:479][  0]MapCheck: New page: Map Check
[2021.12.03-06.36.34:479][  0]LightingResults: New page: Lighting Build
[2021.12.03-06.36.34:482][  0]LogAudio: Display: Audio Device unregistered from world 'None'.
[2021.12.03-06.36.34:485][  0]LogUObjectHash: Compacting FUObjectHashTables data took   0.65ms
[2021.12.03-06.36.34:809][  0]LogAudio: Display: Audio Device (ID: 1) registered with world 'Minimal_Default'.
[2021.12.03-06.36.34:809][  0]LogAIModule: Creating AISystem for world Minimal_Default
[2021.12.03-06.36.34:820][  0]LogEditorServer: Finished looking for orphan Actors (0.000 secs)
[2021.12.03-06.36.34:825][  0]LogUObjectHash: Compacting FUObjectHashTables data took   0.70ms
[2021.12.03-06.36.34:825][  0]Cmd: MAP CHECKDEP NOCLEARLOG
[2021.12.03-06.36.34:826][  0]MapCheck: Map check complete: 0 Error(s), 0 Warning(s), took 0.152ms to complete.
[2021.12.03-06.36.34:826][  0]LogFileHelpers: Loading map 'Minimal_Default' took 0.348
[2021.12.03-06.36.34:827][  0]LogUnrealEdMisc: Total Editor Startup Time, took 5.310
[2021.12.03-06.36.34:952][  0]LogSlate: Updating window title bar state: overlay mode, drag disabled, window buttons hidden, title bar hidden
[2021.12.03-06.36.34:958][  0]LogSlate: Updating window title bar state: overlay mode, drag disabled, window buttons hidden, title bar hidden
[2021.12.03-06.36.34:962][  0]LogSlate: Updating window title bar state: overlay mode, drag disabled, window buttons hidden, title bar hidden
[2021.12.03-06.36.34:966][  0]LogSlate: Updating window title bar state: overlay mode, drag disabled, window buttons hidden, title bar hidden
[2021.12.03-06.36.34:995][  0]LogNativeClassHierarchy: Verbose: Native class hierarchy populated in 0.0083 seconds. Added 3822 classes and 928 folders.
[2021.12.03-06.36.35:000][  0]LogNativeClassHierarchy: Verbose: Native class hierarchy updated for 'WidgetCarousel' in 0.0002 seconds. Added 0 classes and 0 folders.
[2021.12.03-06.36.35:012][  0]LogPakFile: PakFile PrimaryIndexSize=187
[2021.12.03-06.36.35:012][  0]LogPakFile: PakFile PathHashIndexSize=101
[2021.12.03-06.36.35:012][  0]LogPakFile: PakFile FullDirectoryIndexSize=148
[2021.12.03-06.36.35:013][  0]LogShaderLibrary: Display: ShaderCodeLibraryPakFileMountedCallback: PakFile 'D:/UE_4.27/FeaturePacks/FP_FirstPerson.upack' (chunk index -1, root 'root:/') mounted
[2021.12.03-06.36.35:013][  0]LogShaderLibrary: Display: ShaderCodeLibraryPakFileMountedCallback: pending pak file info (ChunkID:-1 Root:root:/ File:D:/UE_4.27/FeaturePacks/FP_FirstPerson.upack)
[2021.12.03-06.36.35:013][  0]LogPakFile: OnPakFileMounted2Time == 0.000714
[2021.12.03-06.36.35:020][  0]LogPakFile: PakFile PrimaryIndexSize=189
[2021.12.03-06.36.35:020][  0]LogPakFile: PakFile PathHashIndexSize=101
[2021.12.03-06.36.35:020][  0]LogPakFile: PakFile FullDirectoryIndexSize=152
[2021.12.03-06.36.35:020][  0]LogShaderLibrary: Display: ShaderCodeLibraryPakFileMountedCallback: PakFile 'D:/UE_4.27/FeaturePacks/FP_FirstPersonBP.upack' (chunk index -1, root 'root:/') mounted
[2021.12.03-06.36.35:020][  0]LogShaderLibrary: Display: ShaderCodeLibraryPakFileMountedCallback: pending pak file info (ChunkID:-1 Root:root:/ File:D:/UE_4.27/FeaturePacks/FP_FirstPersonBP.upack)
[2021.12.03-06.36.35:020][  0]LogPakFile: OnPakFileMounted2Time == 0.000035
[2021.12.03-06.36.35:023][  0]LogPakFile: PakFile PrimaryIndexSize=191
[2021.12.03-06.36.35:023][  0]LogPakFile: PakFile PathHashIndexSize=101
[2021.12.03-06.36.35:023][  0]LogPakFile: PakFile FullDirectoryIndexSize=160
[2021.12.03-06.36.35:023][  0]LogShaderLibrary: Display: ShaderCodeLibraryPakFileMountedCallback: PakFile 'D:/UE_4.27/FeaturePacks/MobileStarterContent.upack' (chunk index -1, root 'root:/') mounted
[2021.12.03-06.36.35:023][  0]LogShaderLibrary: Display: ShaderCodeLibraryPakFileMountedCallback: pending pak file info (ChunkID:-1 Root:root:/ File:D:/UE_4.27/FeaturePacks/MobileStarterContent.upack)
[2021.12.03-06.36.35:023][  0]LogPakFile: OnPakFileMounted2Time == 0.000025
[2021.12.03-06.36.35:027][  0]LogPakFile: PakFile PrimaryIndexSize=185
[2021.12.03-06.36.35:027][  0]LogPakFile: PakFile PathHashIndexSize=101
[2021.12.03-06.36.35:027][  0]LogPakFile: PakFile FullDirectoryIndexSize=148
[2021.12.03-06.36.35:027][  0]LogShaderLibrary: Display: ShaderCodeLibraryPakFileMountedCallback: PakFile 'D:/UE_4.27/FeaturePacks/StarterContent.upack' (chunk index -1, root 'root:/') mounted
[2021.12.03-06.36.35:027][  0]LogShaderLibrary: Display: ShaderCodeLibraryPakFileMountedCallback: pending pak file info (ChunkID:-1 Root:root:/ File:D:/UE_4.27/FeaturePacks/StarterContent.upack)
[2021.12.03-06.36.35:027][  0]LogPakFile: OnPakFileMounted2Time == 0.000033
[2021.12.03-06.36.35:031][  0]LogPakFile: PakFile PrimaryIndexSize=190
[2021.12.03-06.36.35:031][  0]LogPakFile: PakFile PathHashIndexSize=101
[2021.12.03-06.36.35:031][  0]LogPakFile: PakFile FullDirectoryIndexSize=154
[2021.12.03-06.36.35:031][  0]LogShaderLibrary: Display: ShaderCodeLibraryPakFileMountedCallback: PakFile 'D:/UE_4.27/FeaturePacks/TP_2DSideScroller.upack' (chunk index -1, root 'root:/') mounted
[2021.12.03-06.36.35:031][  0]LogShaderLibrary: Display: ShaderCodeLibraryPakFileMountedCallback: pending pak file info (ChunkID:-1 Root:root:/ File:D:/UE_4.27/FeaturePacks/TP_2DSideScroller.upack)
[2021.12.03-06.36.35:031][  0]LogPakFile: OnPakFileMounted2Time == 0.000030
[2021.12.03-06.36.35:034][  0]LogPakFile: PakFile PrimaryIndexSize=192
[2021.12.03-06.36.35:035][  0]LogPakFile: PakFile PathHashIndexSize=101
[2021.12.03-06.36.35:035][  0]LogPakFile: PakFile FullDirectoryIndexSize=158
[2021.12.03-06.36.35:035][  0]LogShaderLibrary: Display: ShaderCodeLibraryPakFileMountedCallback: PakFile 'D:/UE_4.27/FeaturePacks/TP_2DSideScrollerBP.upack' (chunk index -1, root 'root:/') mounted
[2021.12.03-06.36.35:035][  0]LogShaderLibrary: Display: ShaderCodeLibraryPakFileMountedCallback: pending pak file info (ChunkID:-1 Root:root:/ File:D:/UE_4.27/FeaturePacks/TP_2DSideScrollerBP.upack)
[2021.12.03-06.36.35:035][  0]LogPakFile: OnPakFileMounted2Time == 0.000029
[2021.12.03-06.36.35:038][  0]LogPakFile: PakFile PrimaryIndexSize=182
[2021.12.03-06.36.35:038][  0]LogPakFile: PakFile PathHashIndexSize=101
[2021.12.03-06.36.35:038][  0]LogPakFile: PakFile FullDirectoryIndexSize=138
[2021.12.03-06.36.35:038][  0]LogShaderLibrary: Display: ShaderCodeLibraryPakFileMountedCallback: PakFile 'D:/UE_4.27/FeaturePacks/TP_Flying.upack' (chunk index -1, root 'root:/') mounted
[2021.12.03-06.36.35:038][  0]LogShaderLibrary: Display: ShaderCodeLibraryPakFileMountedCallback: pending pak file info (ChunkID:-1 Root:root:/ File:D:/UE_4.27/FeaturePacks/TP_Flying.upack)
[2021.12.03-06.36.35:038][  0]LogPakFile: OnPakFileMounted2Time == 0.000024
[2021.12.03-06.36.35:042][  0]LogPakFile: PakFile PrimaryIndexSize=184
[2021.12.03-06.36.35:042][  0]LogPakFile: PakFile PathHashIndexSize=101
[2021.12.03-06.36.35:042][  0]LogPakFile: PakFile FullDirectoryIndexSize=142
[2021.12.03-06.36.35:042][  0]LogShaderLibrary: Display: ShaderCodeLibraryPakFileMountedCallback: PakFile 'D:/UE_4.27/FeaturePacks/TP_FlyingBP.upack' (chunk index -1, root 'root:/') mounted
[2021.12.03-06.36.35:042][  0]LogShaderLibrary: Display: ShaderCodeLibraryPakFileMountedCallback: pending pak file info (ChunkID:-1 Root:root:/ File:D:/UE_4.27/FeaturePacks/TP_FlyingBP.upack)
[2021.12.03-06.36.35:042][  0]LogPakFile: OnPakFileMounted2Time == 0.000028
[2021.12.03-06.36.35:046][  0]LogPakFile: PakFile PrimaryIndexSize=188
[2021.12.03-06.36.35:046][  0]LogPakFile: PakFile PathHashIndexSize=101
[2021.12.03-06.36.35:046][  0]LogPakFile: PakFile FullDirectoryIndexSize=150
[2021.12.03-06.36.35:046][  0]LogShaderLibrary: Display: ShaderCodeLibraryPakFileMountedCallback: PakFile 'D:/UE_4.27/FeaturePacks/TP_HandheldARBP.upack' (chunk index -1, root 'root:/') mounted
[2021.12.03-06.36.35:046][  0]LogShaderLibrary: Display: ShaderCodeLibraryPakFileMountedCallback: pending pak file info (ChunkID:-1 Root:root:/ File:D:/UE_4.27/FeaturePacks/TP_HandheldARBP.upack)
[2021.12.03-06.36.35:046][  0]LogPakFile: OnPakFileMounted2Time == 0.000024
[2021.12.03-06.36.35:050][  0]LogPakFile: PakFile PrimaryIndexSize=182
[2021.12.03-06.36.35:050][  0]LogPakFile: PakFile PathHashIndexSize=101
[2021.12.03-06.36.35:050][  0]LogPakFile: PakFile FullDirectoryIndexSize=138
[2021.12.03-06.36.35:050][  0]LogShaderLibrary: Display: ShaderCodeLibraryPakFileMountedCallback: PakFile 'D:/UE_4.27/FeaturePacks/TP_Puzzle.upack' (chunk index -1, root 'root:/') mounted
[2021.12.03-06.36.35:050][  0]LogShaderLibrary: Display: ShaderCodeLibraryPakFileMountedCallback: pending pak file info (ChunkID:-1 Root:root:/ File:D:/UE_4.27/FeaturePacks/TP_Puzzle.upack)
[2021.12.03-06.36.35:050][  0]LogPakFile: OnPakFileMounted2Time == 0.000028
[2021.12.03-06.36.35:054][  0]LogPakFile: PakFile PrimaryIndexSize=184
[2021.12.03-06.36.35:054][  0]LogPakFile: PakFile PathHashIndexSize=101
[2021.12.03-06.36.35:054][  0]LogPakFile: PakFile FullDirectoryIndexSize=142
[2021.12.03-06.36.35:054][  0]LogShaderLibrary: Display: ShaderCodeLibraryPakFileMountedCallback: PakFile 'D:/UE_4.27/FeaturePacks/TP_PuzzleBP.upack' (chunk index -1, root 'root:/') mounted
[2021.12.03-06.36.35:054][  0]LogShaderLibrary: Display: ShaderCodeLibraryPakFileMountedCallback: pending pak file info (ChunkID:-1 Root:root:/ File:D:/UE_4.27/FeaturePacks/TP_PuzzleBP.upack)
[2021.12.03-06.36.35:054][  0]LogPakFile: OnPakFileMounted2Time == 0.000027
[2021.12.03-06.36.35:057][  0]LogPakFile: PakFile PrimaryIndexSize=183
[2021.12.03-06.36.35:057][  0]LogPakFile: PakFile PathHashIndexSize=101
[2021.12.03-06.36.35:057][  0]LogPakFile: PakFile FullDirectoryIndexSize=140
[2021.12.03-06.36.35:057][  0]LogShaderLibrary: Display: ShaderCodeLibraryPakFileMountedCallback: PakFile 'D:/UE_4.27/FeaturePacks/TP_Rolling.upack' (chunk index -1, root 'root:/') mounted
[2021.12.03-06.36.35:058][  0]LogShaderLibrary: Display: ShaderCodeLibraryPakFileMountedCallback: pending pak file info (ChunkID:-1 Root:root:/ File:D:/UE_4.27/FeaturePacks/TP_Rolling.upack)
[2021.12.03-06.36.35:058][  0]LogPakFile: OnPakFileMounted2Time == 0.000031
[2021.12.03-06.36.35:061][  0]LogPakFile: PakFile PrimaryIndexSize=185
[2021.12.03-06.36.35:061][  0]LogPakFile: PakFile PathHashIndexSize=101
[2021.12.03-06.36.35:061][  0]LogPakFile: PakFile FullDirectoryIndexSize=144
[2021.12.03-06.36.35:061][  0]LogShaderLibrary: Display: ShaderCodeLibraryPakFileMountedCallback: PakFile 'D:/UE_4.27/FeaturePacks/TP_RollingBP.upack' (chunk index -1, root 'root:/') mounted
[2021.12.03-06.36.35:061][  0]LogShaderLibrary: Display: ShaderCodeLibraryPakFileMountedCallback: pending pak file info (ChunkID:-1 Root:root:/ File:D:/UE_4.27/FeaturePacks/TP_RollingBP.upack)
[2021.12.03-06.36.35:061][  0]LogPakFile: OnPakFileMounted2Time == 0.000029
[2021.12.03-06.36.35:065][  0]LogPakFile: PakFile PrimaryIndexSize=188
[2021.12.03-06.36.35:065][  0]LogPakFile: PakFile PathHashIndexSize=101
[2021.12.03-06.36.35:065][  0]LogPakFile: PakFile FullDirectoryIndexSize=150
[2021.12.03-06.36.35:065][  0]LogShaderLibrary: Display: ShaderCodeLibraryPakFileMountedCallback: PakFile 'D:/UE_4.27/FeaturePacks/TP_SideScroller.upack' (chunk index -1, root 'root:/') mounted
[2021.12.03-06.36.35:065][  0]LogShaderLibrary: Display: ShaderCodeLibraryPakFileMountedCallback: pending pak file info (ChunkID:-1 Root:root:/ File:D:/UE_4.27/FeaturePacks/TP_SideScroller.upack)
[2021.12.03-06.36.35:065][  0]LogPakFile: OnPakFileMounted2Time == 0.000024
[2021.12.03-06.36.35:068][  0]LogPakFile: PakFile PrimaryIndexSize=190
[2021.12.03-06.36.35:068][  0]LogPakFile: PakFile PathHashIndexSize=101
[2021.12.03-06.36.35:068][  0]LogPakFile: PakFile FullDirectoryIndexSize=154
[2021.12.03-06.36.35:068][  0]LogShaderLibrary: Display: ShaderCodeLibraryPakFileMountedCallback: PakFile 'D:/UE_4.27/FeaturePacks/TP_SideScrollerBP.upack' (chunk index -1, root 'root:/') mounted
[2021.12.03-06.36.35:068][  0]LogShaderLibrary: Display: ShaderCodeLibraryPakFileMountedCallback: pending pak file info (ChunkID:-1 Root:root:/ File:D:/UE_4.27/FeaturePacks/TP_SideScrollerBP.upack)
[2021.12.03-06.36.35:068][  0]LogPakFile: OnPakFileMounted2Time == 0.000025
[2021.12.03-06.36.35:072][  0]LogPakFile: PakFile PrimaryIndexSize=187
[2021.12.03-06.36.35:072][  0]LogPakFile: PakFile PathHashIndexSize=101
[2021.12.03-06.36.35:072][  0]LogPakFile: PakFile FullDirectoryIndexSize=148
[2021.12.03-06.36.35:072][  0]LogShaderLibrary: Display: ShaderCodeLibraryPakFileMountedCallback: PakFile 'D:/UE_4.27/FeaturePacks/TP_ThirdPerson.upack' (chunk index -1, root 'root:/') mounted
[2021.12.03-06.36.35:072][  0]LogShaderLibrary: Display: ShaderCodeLibraryPakFileMountedCallback: pending pak file info (ChunkID:-1 Root:root:/ File:D:/UE_4.27/FeaturePacks/TP_ThirdPerson.upack)
[2021.12.03-06.36.35:072][  0]LogPakFile: OnPakFileMounted2Time == 0.000028
[2021.12.03-06.36.35:076][  0]LogPakFile: PakFile PrimaryIndexSize=189
[2021.12.03-06.36.35:076][  0]LogPakFile: PakFile PathHashIndexSize=101
[2021.12.03-06.36.35:076][  0]LogPakFile: PakFile FullDirectoryIndexSize=152
[2021.12.03-06.36.35:076][  0]LogShaderLibrary: Display: ShaderCodeLibraryPakFileMountedCallback: PakFile 'D:/UE_4.27/FeaturePacks/TP_ThirdPersonBP.upack' (chunk index -1, root 'root:/') mounted
[2021.12.03-06.36.35:076][  0]LogShaderLibrary: Display: ShaderCodeLibraryPakFileMountedCallback: pending pak file info (ChunkID:-1 Root:root:/ File:D:/UE_4.27/FeaturePacks/TP_ThirdPersonBP.upack)
[2021.12.03-06.36.35:076][  0]LogPakFile: OnPakFileMounted2Time == 0.000031
[2021.12.03-06.36.35:079][  0]LogPakFile: PakFile PrimaryIndexSize=183
[2021.12.03-06.36.35:079][  0]LogPakFile: PakFile PathHashIndexSize=101
[2021.12.03-06.36.35:079][  0]LogPakFile: PakFile FullDirectoryIndexSize=140
[2021.12.03-06.36.35:079][  0]LogShaderLibrary: Display: ShaderCodeLibraryPakFileMountedCallback: PakFile 'D:/UE_4.27/FeaturePacks/TP_TopDown.upack' (chunk index -1, root 'root:/') mounted
[2021.12.03-06.36.35:079][  0]LogShaderLibrary: Display: ShaderCodeLibraryPakFileMountedCallback: pending pak file info (ChunkID:-1 Root:root:/ File:D:/UE_4.27/FeaturePacks/TP_TopDown.upack)
[2021.12.03-06.36.35:079][  0]LogPakFile: OnPakFileMounted2Time == 0.000036
[2021.12.03-06.36.35:083][  0]LogPakFile: PakFile PrimaryIndexSize=185
[2021.12.03-06.36.35:083][  0]LogPakFile: PakFile PathHashIndexSize=101
[2021.12.03-06.36.35:083][  0]LogPakFile: PakFile FullDirectoryIndexSize=144
[2021.12.03-06.36.35:083][  0]LogShaderLibrary: Display: ShaderCodeLibraryPakFileMountedCallback: PakFile 'D:/UE_4.27/FeaturePacks/TP_TopDownBP.upack' (chunk index -1, root 'root:/') mounted
[2021.12.03-06.36.35:083][  0]LogShaderLibrary: Display: ShaderCodeLibraryPakFileMountedCallback: pending pak file info (ChunkID:-1 Root:root:/ File:D:/UE_4.27/FeaturePacks/TP_TopDownBP.upack)
[2021.12.03-06.36.35:083][  0]LogPakFile: OnPakFileMounted2Time == 0.000024
[2021.12.03-06.36.35:089][  0]LogPakFile: PakFile PrimaryIndexSize=185
[2021.12.03-06.36.35:089][  0]LogPakFile: PakFile PathHashIndexSize=101
[2021.12.03-06.36.35:089][  0]LogPakFile: PakFile FullDirectoryIndexSize=144
[2021.12.03-06.36.35:089][  0]LogShaderLibrary: Display: ShaderCodeLibraryPakFileMountedCallback: PakFile 'D:/UE_4.27/FeaturePacks/TP_TwinStick.upack' (chunk index -1, root 'root:/') mounted
[2021.12.03-06.36.35:089][  0]LogShaderLibrary: Display: ShaderCodeLibraryPakFileMountedCallback: pending pak file info (ChunkID:-1 Root:root:/ File:D:/UE_4.27/FeaturePacks/TP_TwinStick.upack)
[2021.12.03-06.36.35:089][  0]LogPakFile: OnPakFileMounted2Time == 0.000037
[2021.12.03-06.36.35:092][  0]LogPakFile: PakFile PrimaryIndexSize=187
[2021.12.03-06.36.35:092][  0]LogPakFile: PakFile PathHashIndexSize=101
[2021.12.03-06.36.35:092][  0]LogPakFile: PakFile FullDirectoryIndexSize=148
[2021.12.03-06.36.35:092][  0]LogShaderLibrary: Display: ShaderCodeLibraryPakFileMountedCallback: PakFile 'D:/UE_4.27/FeaturePacks/TP_TwinStickBP.upack' (chunk index -1, root 'root:/') mounted
[2021.12.03-06.36.35:092][  0]LogShaderLibrary: Display: ShaderCodeLibraryPakFileMountedCallback: pending pak file info (ChunkID:-1 Root:root:/ File:D:/UE_4.27/FeaturePacks/TP_TwinStickBP.upack)
[2021.12.03-06.36.35:092][  0]LogPakFile: OnPakFileMounted2Time == 0.000029
[2021.12.03-06.36.35:096][  0]LogPakFile: PakFile PrimaryIndexSize=183
[2021.12.03-06.36.35:096][  0]LogPakFile: PakFile PathHashIndexSize=101
[2021.12.03-06.36.35:096][  0]LogPakFile: PakFile FullDirectoryIndexSize=140
[2021.12.03-06.36.35:096][  0]LogShaderLibrary: Display: ShaderCodeLibraryPakFileMountedCallback: PakFile 'D:/UE_4.27/FeaturePacks/TP_Vehicle.upack' (chunk index -1, root 'root:/') mounted
[2021.12.03-06.36.35:096][  0]LogShaderLibrary: Display: ShaderCodeLibraryPakFileMountedCallback: pending pak file info (ChunkID:-1 Root:root:/ File:D:/UE_4.27/FeaturePacks/TP_Vehicle.upack)
[2021.12.03-06.36.35:096][  0]LogPakFile: OnPakFileMounted2Time == 0.000028
[2021.12.03-06.36.35:099][  0]LogPakFile: PakFile PrimaryIndexSize=186
[2021.12.03-06.36.35:099][  0]LogPakFile: PakFile PathHashIndexSize=101
[2021.12.03-06.36.35:099][  0]LogPakFile: PakFile FullDirectoryIndexSize=146
[2021.12.03-06.36.35:099][  0]LogShaderLibrary: Display: ShaderCodeLibraryPakFileMountedCallback: PakFile 'D:/UE_4.27/FeaturePacks/TP_VehicleAdv.upack' (chunk index -1, root 'root:/') mounted
[2021.12.03-06.36.35:099][  0]LogShaderLibrary: Display: ShaderCodeLibraryPakFileMountedCallback: pending pak file info (ChunkID:-1 Root:root:/ File:D:/UE_4.27/FeaturePacks/TP_VehicleAdv.upack)
[2021.12.03-06.36.35:099][  0]LogPakFile: OnPakFileMounted2Time == 0.000029
[2021.12.03-06.36.35:103][  0]LogPakFile: PakFile PrimaryIndexSize=188
[2021.12.03-06.36.35:103][  0]LogPakFile: PakFile PathHashIndexSize=101
[2021.12.03-06.36.35:103][  0]LogPakFile: PakFile FullDirectoryIndexSize=150
[2021.12.03-06.36.35:103][  0]LogShaderLibrary: Display: ShaderCodeLibraryPakFileMountedCallback: PakFile 'D:/UE_4.27/FeaturePacks/TP_VehicleAdvBP.upack' (chunk index -1, root 'root:/') mounted
[2021.12.03-06.36.35:103][  0]LogShaderLibrary: Display: ShaderCodeLibraryPakFileMountedCallback: pending pak file info (ChunkID:-1 Root:root:/ File:D:/UE_4.27/FeaturePacks/TP_VehicleAdvBP.upack)
[2021.12.03-06.36.35:103][  0]LogPakFile: OnPakFileMounted2Time == 0.000029
[2021.12.03-06.36.35:107][  0]LogPakFile: PakFile PrimaryIndexSize=185
[2021.12.03-06.36.35:107][  0]LogPakFile: PakFile PathHashIndexSize=101
[2021.12.03-06.36.35:107][  0]LogPakFile: PakFile FullDirectoryIndexSize=144
[2021.12.03-06.36.35:107][  0]LogShaderLibrary: Display: ShaderCodeLibraryPakFileMountedCallback: PakFile 'D:/UE_4.27/FeaturePacks/TP_VehicleBP.upack' (chunk index -1, root 'root:/') mounted
[2021.12.03-06.36.35:107][  0]LogShaderLibrary: Display: ShaderCodeLibraryPakFileMountedCallback: pending pak file info (ChunkID:-1 Root:root:/ File:D:/UE_4.27/FeaturePacks/TP_VehicleBP.upack)
[2021.12.03-06.36.35:107][  0]LogPakFile: OnPakFileMounted2Time == 0.000024
[2021.12.03-06.36.35:111][  0]LogPakFile: PakFile PrimaryIndexSize=192
[2021.12.03-06.36.35:111][  0]LogPakFile: PakFile PathHashIndexSize=101
[2021.12.03-06.36.35:111][  0]LogPakFile: PakFile FullDirectoryIndexSize=158
[2021.12.03-06.36.35:111][  0]LogShaderLibrary: Display: ShaderCodeLibraryPakFileMountedCallback: PakFile 'D:/UE_4.27/FeaturePacks/TP_VirtualRealityBP.upack' (chunk index -1, root 'root:/') mounted
[2021.12.03-06.36.35:111][  0]LogShaderLibrary: Display: ShaderCodeLibraryPakFileMountedCallback: pending pak file info (ChunkID:-1 Root:root:/ File:D:/UE_4.27/FeaturePacks/TP_VirtualRealityBP.upack)
[2021.12.03-06.36.35:111][  0]LogPakFile: OnPakFileMounted2Time == 0.000029
[2021.12.03-06.36.35:321][  0]LogNativeClassHierarchy: Verbose: Native class hierarchy updated for 'AddContentDialog' in 0.0003 seconds. Added 0 classes and 0 folders.
[2021.12.03-06.36.35:324][  0]LogNativeClassHierarchy: Verbose: Native class hierarchy updated for 'SceneOutliner' in 0.0002 seconds. Added 2 classes and 0 folders.
[2021.12.03-06.36.35:433][  0]LogSlate: Took 0.000093 seconds to synchronously load lazily loaded font '../../../Engine/Content/Slate/Fonts/Roboto-Regular.ttf' (155K)
[2021.12.03-06.36.35:434][  0]LogSlate: Took 0.000310 seconds to synchronously load lazily loaded font '../../../Engine/Content/Editor/Slate/Fonts/FontAwesome.ttf' (139K)
[2021.12.03-06.36.35:435][  0]LogSlate: Took 0.000078 seconds to synchronously load lazily loaded font '../../../Engine/Content/Slate/Fonts/Roboto-Bold.ttf' (160K)
[2021.12.03-06.36.35:541][  0]LogRenderer: Reallocating scene render targets to support 1044x620 Format 10 NumSamples 1 (Frame:1).
[2021.12.03-06.36.35:655][  0]LogNativeClassHierarchy: Verbose: Native class hierarchy updated for 'HierarchicalLODOutliner' in 0.0003 seconds. Added 0 classes and 0 folders.
[2021.12.03-06.36.35:655][  0]LogLoad: (Engine Initialization) Total time: 6.14 seconds
[2021.12.03-06.36.35:655][  0]LogLoad: (Engine Initialization) Total Blueprint compile time: 0.00 seconds
[2021.12.03-06.36.35:694][  0]LogAssetRegistry: Asset discovery search completed in 3.8185 seconds
[2021.12.03-06.36.35:698][  0]LogCollectionManager: Fixed up redirectors for 0 collections in 0.000003 seconds (updated 0 objects)
[2021.12.03-06.36.35:700][  0]LogContentStreaming: Texture pool size now 1000 MB
[2021.12.03-06.36.39:812][440]LogSlate: Took 0.000318 seconds to synchronously load lazily loaded font '../../../Engine/Content/Slate/Fonts/Roboto-Light.ttf' (167K)
[2021.12.03-06.36.40:322][489]LogAssetEditorSubsystem: Opening Asset editor for LevelScriptBlueprint /Game/StarterContent/Maps/Minimal_Default.Minimal_Default:PersistentLevel.Minimal_Default
[2021.12.03-06.36.40:770][489]LogNativeClassHierarchy: Verbose: Native class hierarchy updated for 'BlueprintGraph' in 0.0005 seconds. Added 126 classes and 0 folders.
[2021.12.03-06.36.41:373][489]LogSlate: Took 0.000101 seconds to synchronously load lazily loaded font '../../../Engine/Content/Slate/Fonts/Roboto-BoldCondensed.ttf' (158K)
[2021.12.03-06.36.41:404][490]LogSlate: Took 0.004493 seconds to synchronously load lazily loaded font '../../../Engine/Content/Slate/Fonts/Roboto-Italic.ttf' (157K)
